EN MANHOUR
EN PROJECT
EN CATEGORY
EN SUBCONTRACTOR
EN PROJECT_TEAM
EN PROJECT_WBS
EN REPORT
EN SETTINGS
EN AUTHORITY_GROUP
EN MENU
EN USER_ACCOUNT
EN DOMAIN
EN LANGUAGE
EN PROJECT
EN NEW
EN EDIT
EN DELETE
EN PROJECT_ID
EN CAPTION
EN ORGANIZATION_ID
EN CATEGORY
EN NEW
EN EDIT
EN DELETE
EN CATEGORY_ID
EN PARENT_ID
EN CAPTION
EN CAT_INDEX
EN DETAILS
EN UNIT
EN CAT_LEVEL
EN TREE_CODE
EN MAIN_FLAG
EN PROJECT_WBS
EN NEW
EN EDIT
EN DELETE
EN PROJECT_ID
EN CATEGORY_ID
EN UNIT
EN METRIC
EN WORKFORCE
EN PUP_METRIC
EN PUP_WORKFORCE
EN PROJECT_TEAM
EN NEW
EN EDIT
EN DELETE
EN PROJECT_ID
EN TEAM_ID
EN CAPTION
EN BEG_DATE
EN END_DATE
EN PROJECT_TEAM
EN SAVE
EN PROJECT_ID
EN TEAM_ID
EN CAPTION
EN BEG_DATE
EN END_DATE
EN CATEGORY
EN NEW
EN EDIT
EN DELETE
EN CATEGORY_ID
EN PARENT_ID
EN CAPTION
EN CAT_INDEX
EN DETAILS
EN UNIT
EN CAT_LEVEL
EN TREE_CODE
EN MAIN_FLAG
EN CATEGORY
EN SAVE
EN CATEGORY_ID
EN PARENT_ID
EN CAPTION
EN CAT_INDEX
EN DETAILS
EN UNIT
EN CAT_LEVEL
EN TREE_CODE
EN MAIN_FLAG
EN PROJECT_WBS
EN NEW
EN EDIT
EN DELETE
EN PROJECT_ID
EN CATEGORY_ID
EN UNIT
EN METRIC
EN WORKFORCE
EN PUP_METRIC
EN PUP_WORKFORCE
EN CATEGORY
EN NEW
EN EDIT
EN DELETE
EN CATEGORY_ID
EN PARENT_ID
EN CAPTION
EN CAT_INDEX
EN DETAILS
EN UNIT
EN CAT_LEVEL
EN TREE_CODE
EN MAIN_FLAG
EN PROJECT_WBS
EN NEW
EN EDIT
EN DELETE
EN PROJECT_ID
EN CATEGORY_ID
EN UNIT
EN METRIC
EN WORKFORCE
EN PUP_METRIC
EN PUP_WORKFORCE
EN MANHOUR
EN PROJECT
EN CATEGORY
EN SUBCONTRACTOR
EN PROJECT_TEAM
EN PROJECT_WBS
EN REPORT
EN SETTINGS
EN AUTHORITY_GROUP
EN MENU
EN USER_ACCOUNT
EN DOMAIN
EN LANGUAGE
