EN MANHOUR
EN CATEGORY
EN PROJECT
EN SUBCONTRACTOR
EN PROJECT_MANHOUR
EN PROJECT_QUANTITY
EN REPORT
EN USER_ACCOUNT
EN CATEGORY
EN CATEGORY_ID
EN PARENT_ID
EN CAT_INDEX
EN DETAILS
EN UNIT
EN CAT_LEVEL
EN TREE_CODE
EN MAIN_FLAG
EN CATEGORY
EN CANCEL
EN CATEGORY_ID
EN PARENT_ID
EN CAT_INDEX
EN DETAILS
EN UNIT
EN CAT_LEVEL
EN TREE_CODE
EN MAIN_FLAG
EN CATEGORY
EN CATEGORY_ID
EN PARENT_ID
EN CAT_INDEX
EN DETAILS
EN UNIT
EN CAT_LEVEL
EN TREE_CODE
EN MAIN_FLAG
EN SUBCONTRACTOR
EN SUBCONTRACTOR_ID
EN CANCEL
