 INSERT INTO CAPTION_TRANSLATION (CAPTION,LANGCODE,LABELUPPER,LABELLOWER) VALUES ('ACTION','EN','ACTION','Action')
 INSERT INTO CAPTION_TRANSLATION (CAPTION,LANGCODE,LABELUPPER,LABELLOWER) VALUES ('ACTION_TIME','EN','ACTION TIME','Action time')
 INSERT INTO CAPTION_TRANSLATION (CAPTION,LANGCODE,LABELUPPER,LABELLOWER) VALUES ('ACTIVE','EN','ACTIVE','Active')
 INSERT INTO CAPTION_TRANSLATION (CAPTION,LANGCODE,LABELUPPER,LABELLOWER) VALUES ('ACTIVITY_DATE','EN','ACTIVITY DATE','Activity Date')
 INSERT INTO CAPTION_TRANSLATION (CAPTION,LANGCODE,LABELUPPER,LABELLOWER) VALUES ('ADD_EMPLOYEE','EN','ADD EMPLOYEE','Add Employee')
 INSERT INTO CAPTION_TRANSLATION (CAPTION,LANGCODE,LABELUPPER,LABELLOWER) VALUES ('ADD_SUBCONTRACTOR','EN','ADD SUBCONTRACTOR','Add Subcontractor')
 INSERT INTO CAPTION_TRANSLATION (CAPTION,LANGCODE,LABELUPPER,LABELLOWER) VALUES ('ADDRESS','EN','ADDRESS','Address')
 INSERT INTO CAPTION_TRANSLATION (CAPTION,LANGCODE,LABELUPPER,LABELLOWER) VALUES ('ADMINISTRATION','EN','ADMINISTRATION','Administration')
 INSERT INTO CAPTION_TRANSLATION (CAPTION,LANGCODE,LABELUPPER,LABELLOWER) VALUES ('ADMINISTRATOR','EN','ADMINISTRATOR','Administrator')
 INSERT INTO CAPTION_TRANSLATION (CAPTION,LANGCODE,LABELUPPER,LABELLOWER) VALUES ('ADMINLOCK','EN','ADMINLOCK','Adminlock')
 INSERT INTO CAPTION_TRANSLATION (CAPTION,LANGCODE,LABELUPPER,LABELLOWER) VALUES ('ADVANCE_PERCENT','EN','ADVANCE PERCENT','Advance Percent')
 INSERT INTO CAPTION_TRANSLATION (CAPTION,LANGCODE,LABELUPPER,LABELLOWER) VALUES ('AFGHANISTAN','EN','AFGHANISTAN','Afghanistan')
 INSERT INTO CAPTION_TRANSLATION (CAPTION,LANGCODE,LABELUPPER,LABELLOWER) VALUES ('ALBANIA','EN','ALBANIA','Albania')
 INSERT INTO CAPTION_TRANSLATION (CAPTION,LANGCODE,LABELUPPER,LABELLOWER) VALUES ('ALGERIA','EN','ALGERIA','Algeria')
 INSERT INTO CAPTION_TRANSLATION (CAPTION,LANGCODE,LABELUPPER,LABELLOWER) VALUES ('ALLOW_DELETE','EN','ALLOW DELETE','Allow Delete')
 INSERT INTO CAPTION_TRANSLATION (CAPTION,LANGCODE,LABELUPPER,LABELLOWER) VALUES ('ALLOW_INSERT','EN','ALLOW INSERT','Allow Insert')
 INSERT INTO CAPTION_TRANSLATION (CAPTION,LANGCODE,LABELUPPER,LABELLOWER) VALUES ('ALLOW_SELECT','EN','ALLOW SELECT','Allow Select')
 INSERT INTO CAPTION_TRANSLATION (CAPTION,LANGCODE,LABELUPPER,LABELLOWER) VALUES ('ALLOW_UPDATE','EN','ALLOW UPDATE','Allow Update')
 INSERT INTO CAPTION_TRANSLATION (CAPTION,LANGCODE,LABELUPPER,LABELLOWER) VALUES ('ALTITUDE','EN','ALTITUDE','Altitude')
 INSERT INTO CAPTION_TRANSLATION (CAPTION,LANGCODE,LABELUPPER,LABELLOWER) VALUES ('AMERICAN SAMOA','EN','AMERICAN SAMOA','American Samoa')
 INSERT INTO CAPTION_TRANSLATION (CAPTION,LANGCODE,LABELUPPER,LABELLOWER) VALUES ('AMOUNT','EN','AMOUNT','Amount')
 INSERT INTO CAPTION_TRANSLATION (CAPTION,LANGCODE,LABELUPPER,LABELLOWER) VALUES ('ANDORRA','EN','ANDORRA','Andorra')
 INSERT INTO CAPTION_TRANSLATION (CAPTION,LANGCODE,LABELUPPER,LABELLOWER) VALUES ('ANGOLA','EN','ANGOLA','Angola')
 INSERT INTO CAPTION_TRANSLATION (CAPTION,LANGCODE,LABELUPPER,LABELLOWER) VALUES ('ANGUILLA','EN','ANGUILLA','Anguilla')
 INSERT INTO CAPTION_TRANSLATION (CAPTION,LANGCODE,LABELUPPER,LABELLOWER) VALUES ('ANNOUNCEMENT','EN','ANNOUNCEMENT','Announcement')
 INSERT INTO CAPTION_TRANSLATION (CAPTION,LANGCODE,LABELUPPER,LABELLOWER) VALUES ('ANNOUNCEMENTS','EN','ANNOUNCEMENTS','Announcements')
 INSERT INTO CAPTION_TRANSLATION (CAPTION,LANGCODE,LABELUPPER,LABELLOWER) VALUES ('ANTARCTICA','EN','ANTARCTICA','Antarctica')
 INSERT INTO CAPTION_TRANSLATION (CAPTION,LANGCODE,LABELUPPER,LABELLOWER) VALUES ('ANTIGUA AND BARBUDA','EN','ANTIGUA AND BARBUDA','Antigua and Barbuda')
 INSERT INTO CAPTION_TRANSLATION (CAPTION,LANGCODE,LABELUPPER,LABELLOWER) VALUES ('APPLICATION','EN','APPLICATION','Application')
 INSERT INTO CAPTION_TRANSLATION (CAPTION,LANGCODE,LABELUPPER,LABELLOWER) VALUES ('APPLICATION_TITLE','EN','APPLICATION TITLE','Application Title')
 INSERT INTO CAPTION_TRANSLATION (CAPTION,LANGCODE,LABELUPPER,LABELLOWER) VALUES ('APPROVAL','EN','APPROVAL','Approval')
 INSERT INTO CAPTION_TRANSLATION (CAPTION,LANGCODE,LABELUPPER,LABELLOWER) VALUES ('APPROVE','EN','APPROVE','Approve')
 INSERT INTO CAPTION_TRANSLATION (CAPTION,LANGCODE,LABELUPPER,LABELLOWER) VALUES ('APPROVE_ALL','EN','APPROVE ALL','Approve All')
 INSERT INTO CAPTION_TRANSLATION (CAPTION,LANGCODE,LABELUPPER,LABELLOWER) VALUES ('APPROVE_FINAL','EN','APPROVE FINAL','Approve Final')
 INSERT INTO CAPTION_TRANSLATION (CAPTION,LANGCODE,LABELUPPER,LABELLOWER) VALUES ('APPROVE_MANHOUR','EN','APPROVE MANHOUR','Approve Man-hour')
 INSERT INTO CAPTION_TRANSLATION (CAPTION,LANGCODE,LABELUPPER,LABELLOWER) VALUES ('APPROVE_QUANTITY','EN','APPROVE QUANTITY','Approve Quantity')
 INSERT INTO CAPTION_TRANSLATION (CAPTION,LANGCODE,LABELUPPER,LABELLOWER) VALUES ('APPROVE_WBS','EN','APPROVE WBS','Approve WBS')
 INSERT INTO CAPTION_TRANSLATION (CAPTION,LANGCODE,LABELUPPER,LABELLOWER) VALUES ('APPROVE_WITHDRAW','EN','APPROVE WITHDRAW','Approve Withdraw')
 INSERT INTO CAPTION_TRANSLATION (CAPTION,LANGCODE,LABELUPPER,LABELLOWER) VALUES ('APPROVED','EN','APPROVED','Approved')
 INSERT INTO CAPTION_TRANSLATION (CAPTION,LANGCODE,LABELUPPER,LABELLOWER) VALUES ('APPROVED_MANHOUR','EN','APPROVED MANHOUR','Approved Man-hour')
 INSERT INTO CAPTION_TRANSLATION (CAPTION,LANGCODE,LABELUPPER,LABELLOWER) VALUES ('APPROVED_OVERTIME','EN','APPROVED OVERTIME','Approved Overtime')
 INSERT INTO CAPTION_TRANSLATION (CAPTION,LANGCODE,LABELUPPER,LABELLOWER) VALUES ('APPROVED_QUANTITY','EN','APPROVED QUANTITY','Approved Quantity')
 INSERT INTO CAPTION_TRANSLATION (CAPTION,LANGCODE,LABELUPPER,LABELLOWER) VALUES ('APPROVED_WORKFORCE','EN','APPROVED WORKFORCE','Approved Workforce')
 INSERT INTO CAPTION_TRANSLATION (CAPTION,LANGCODE,LABELUPPER,LABELLOWER) VALUES ('APRIL','EN','APRIL','April')
 INSERT INTO CAPTION_TRANSLATION (CAPTION,LANGCODE,LABELUPPER,LABELLOWER) VALUES ('AREA','EN','AREA','Area')
 INSERT INTO CAPTION_TRANSLATION (CAPTION,LANGCODE,LABELUPPER,LABELLOWER) VALUES ('AREA_HANDOVER','EN','AREA HANDOVER','Area Handover')
 INSERT INTO CAPTION_TRANSLATION (CAPTION,LANGCODE,LABELUPPER,LABELLOWER) VALUES ('ARGENTINA','EN','ARGENTINA','Argentina')
 INSERT INTO CAPTION_TRANSLATION (CAPTION,LANGCODE,LABELUPPER,LABELLOWER) VALUES ('ARMENIA','EN','ARMENIA','Armenia')
 INSERT INTO CAPTION_TRANSLATION (CAPTION,LANGCODE,LABELUPPER,LABELLOWER) VALUES ('ARUBA','EN','ARUBA','Aruba')
 INSERT INTO CAPTION_TRANSLATION (CAPTION,LANGCODE,LABELUPPER,LABELLOWER) VALUES ('AUGUST','EN','AUGUST','August')
 INSERT INTO CAPTION_TRANSLATION (CAPTION,LANGCODE,LABELUPPER,LABELLOWER) VALUES ('AUSTRALIA','EN','AUSTRALIA','Australia')
 INSERT INTO CAPTION_TRANSLATION (CAPTION,LANGCODE,LABELUPPER,LABELLOWER) VALUES ('AUSTRIA','EN','AUSTRIA','Austria')
 INSERT INTO CAPTION_TRANSLATION (CAPTION,LANGCODE,LABELUPPER,LABELLOWER) VALUES ('AUTHOR','EN','AUTHOR','Author')
 INSERT INTO CAPTION_TRANSLATION (CAPTION,LANGCODE,LABELUPPER,LABELLOWER) VALUES ('AUTHORITY_GROUP','EN','AUTHORITY GROUP','Authority Group')
 INSERT INTO CAPTION_TRANSLATION (CAPTION,LANGCODE,LABELUPPER,LABELLOWER) VALUES ('AUTHORITY_GROUPS','EN','AUTHORITY GROUPS','Authority Groups')
 INSERT INTO CAPTION_TRANSLATION (CAPTION,LANGCODE,LABELUPPER,LABELLOWER) VALUES ('AUTHORS','EN','AUTHORS','Authors')
 INSERT INTO CAPTION_TRANSLATION (CAPTION,LANGCODE,LABELUPPER,LABELLOWER) VALUES ('AZERBAIJAN','EN','AZERBAIJAN','Azerbaijan')
 INSERT INTO CAPTION_TRANSLATION (CAPTION,LANGCODE,LABELUPPER,LABELLOWER) VALUES ('BAHAMAS','EN','BAHAMAS','Bahamas')
 INSERT INTO CAPTION_TRANSLATION (CAPTION,LANGCODE,LABELUPPER,LABELLOWER) VALUES ('BAHRAIN','EN','BAHRAIN','Bahrain')
 INSERT INTO CAPTION_TRANSLATION (CAPTION,LANGCODE,LABELUPPER,LABELLOWER) VALUES ('BANGLADESH','EN','BANGLADESH','Bangladesh')
 INSERT INTO CAPTION_TRANSLATION (CAPTION,LANGCODE,LABELUPPER,LABELLOWER) VALUES ('BARBADOS','EN','BARBADOS','Barbados')
 INSERT INTO CAPTION_TRANSLATION (CAPTION,LANGCODE,LABELUPPER,LABELLOWER) VALUES ('BEG_DATE','EN','START DATE','Start Date')
 INSERT INTO CAPTION_TRANSLATION (CAPTION,LANGCODE,LABELUPPER,LABELLOWER) VALUES ('BEGDA','EN','START DATE','Start Date')
 INSERT INTO CAPTION_TRANSLATION (CAPTION,LANGCODE,LABELUPPER,LABELLOWER) VALUES ('BELARUS','EN','BELARUS','Belarus')
 INSERT INTO CAPTION_TRANSLATION (CAPTION,LANGCODE,LABELUPPER,LABELLOWER) VALUES ('BELGIUM','EN','BELGIUM','Belgium')
 INSERT INTO CAPTION_TRANSLATION (CAPTION,LANGCODE,LABELUPPER,LABELLOWER) VALUES ('BELIZE','EN','BELIZE','Belize')
 INSERT INTO CAPTION_TRANSLATION (CAPTION,LANGCODE,LABELUPPER,LABELLOWER) VALUES ('BENIN','EN','BENIN','Benin')
 INSERT INTO CAPTION_TRANSLATION (CAPTION,LANGCODE,LABELUPPER,LABELLOWER) VALUES ('BERMUDA','EN','BERMUDA','Bermuda')
 INSERT INTO CAPTION_TRANSLATION (CAPTION,LANGCODE,LABELUPPER,LABELLOWER) VALUES ('BHUTAN','EN','BHUTAN','Bhutan')
 INSERT INTO CAPTION_TRANSLATION (CAPTION,LANGCODE,LABELUPPER,LABELLOWER) VALUES ('BOLIVIA','EN','BOLIVIA','Bolivia')
 INSERT INTO CAPTION_TRANSLATION (CAPTION,LANGCODE,LABELUPPER,LABELLOWER) VALUES ('BOSNIA AND HERZEGOVINA','EN','BOSNIA AND HERZEGOVINA','Bosnia and Herzegovina')
 INSERT INTO CAPTION_TRANSLATION (CAPTION,LANGCODE,LABELUPPER,LABELLOWER) VALUES ('BOTSWANA','EN','BOTSWANA','Botswana')
 INSERT INTO CAPTION_TRANSLATION (CAPTION,LANGCODE,LABELUPPER,LABELLOWER) VALUES ('BOUVET ISLAND','EN','BOUVET ISLAND','Bouvet Island')
 INSERT INTO CAPTION_TRANSLATION (CAPTION,LANGCODE,LABELUPPER,LABELLOWER) VALUES ('BRAZIL','EN','BRAZIL','Brazil')
 INSERT INTO CAPTION_TRANSLATION (CAPTION,LANGCODE,LABELUPPER,LABELLOWER) VALUES ('BRITISH INDIAN OCEAN TERRITORY','EN','BRITISH INDIAN OCEAN TERRITORY','British Indian Ocean Territory')
 INSERT INTO CAPTION_TRANSLATION (CAPTION,LANGCODE,LABELUPPER,LABELLOWER) VALUES ('BRITISH VIRGIN ISLANDS','EN','BRITISH VIRGIN ISLANDS','British Virgin Islands')
 INSERT INTO CAPTION_TRANSLATION (CAPTION,LANGCODE,LABELUPPER,LABELLOWER) VALUES ('BRUNEI DARUSSALAM','EN','BRUNEI DARUSSALAM','Brunei Darussalam')
 INSERT INTO CAPTION_TRANSLATION (CAPTION,LANGCODE,LABELUPPER,LABELLOWER) VALUES ('BULGARIA','EN','BULGARIA','Bulgaria')
 INSERT INTO CAPTION_TRANSLATION (CAPTION,LANGCODE,LABELUPPER,LABELLOWER) VALUES ('BURKINA FASO','EN','BURKINA FASO','Burkina Faso')
 INSERT INTO CAPTION_TRANSLATION (CAPTION,LANGCODE,LABELUPPER,LABELLOWER) VALUES ('BURUNDI','EN','BURUNDI','Burundi')
 INSERT INTO CAPTION_TRANSLATION (CAPTION,LANGCODE,LABELUPPER,LABELLOWER) VALUES ('CAMBODIA','EN','CAMBODIA','Cambodia')
 INSERT INTO CAPTION_TRANSLATION (CAPTION,LANGCODE,LABELUPPER,LABELLOWER) VALUES ('CAMEROON','EN','CAMEROON','Cameroon')
 INSERT INTO CAPTION_TRANSLATION (CAPTION,LANGCODE,LABELUPPER,LABELLOWER) VALUES ('CANADA','EN','CANADA','Canada')
 INSERT INTO CAPTION_TRANSLATION (CAPTION,LANGCODE,LABELUPPER,LABELLOWER) VALUES ('CANCEL','EN','CANCEL','Cancel')
 INSERT INTO CAPTION_TRANSLATION (CAPTION,LANGCODE,LABELUPPER,LABELLOWER) VALUES ('CAPE VERDE','EN','CAPE VERDE','Cape Verde')
 INSERT INTO CAPTION_TRANSLATION (CAPTION,LANGCODE,LABELUPPER,LABELLOWER) VALUES ('CAPTION','EN','CAPTION','Caption')
 INSERT INTO CAPTION_TRANSLATION (CAPTION,LANGCODE,LABELUPPER,LABELLOWER) VALUES ('CAPTION_FILTER','EN','CAPTION FILTER','Caption Filter')
 INSERT INTO CAPTION_TRANSLATION (CAPTION,LANGCODE,LABELUPPER,LABELLOWER) VALUES ('CAPTION_TRANSLATION','EN','CAPTION TRANSLATION','Caption Translation')
 INSERT INTO CAPTION_TRANSLATION (CAPTION,LANGCODE,LABELUPPER,LABELLOWER) VALUES ('CAPTION_TRANSLATIONS','EN','CAPTION TRANSLATIONS','Caption Translations')
 INSERT INTO CAPTION_TRANSLATION (CAPTION,LANGCODE,LABELUPPER,LABELLOWER) VALUES ('CAT_CAPTION','EN','CATEGORY CAPTION','Category Caption')
 INSERT INTO CAPTION_TRANSLATION (CAPTION,LANGCODE,LABELUPPER,LABELLOWER) VALUES ('CAT_INDEX','EN','INDEX','Index')
 INSERT INTO CAPTION_TRANSLATION (CAPTION,LANGCODE,LABELUPPER,LABELLOWER) VALUES ('CAT_LEVEL','EN','LEVEL','Level')
 INSERT INTO CAPTION_TRANSLATION (CAPTION,LANGCODE,LABELUPPER,LABELLOWER) VALUES ('CATEGORY','EN','CATEGORY','Category')
 INSERT INTO CAPTION_TRANSLATION (CAPTION,LANGCODE,LABELUPPER,LABELLOWER) VALUES ('CATEGORY_CAPTION','EN','CATEGORY CAPTION','Category Caption')
 INSERT INTO CAPTION_TRANSLATION (CAPTION,LANGCODE,LABELUPPER,LABELLOWER) VALUES ('CATEGORY_ID','EN','CATEGORY ID','Category Id')
 INSERT INTO CAPTION_TRANSLATION (CAPTION,LANGCODE,LABELUPPER,LABELLOWER) VALUES ('CAYMAN ISLANDS','EN','CAYMAN ISLANDS','Cayman Islands')
 INSERT INTO CAPTION_TRANSLATION (CAPTION,LANGCODE,LABELUPPER,LABELLOWER) VALUES ('CBS_CAPTION','EN','BUDGET CODE','Budget Code')
 INSERT INTO CAPTION_TRANSLATION (CAPTION,LANGCODE,LABELUPPER,LABELLOWER) VALUES ('CBS_CODE','EN','BUDGET CODE','Budget Code')
 INSERT INTO CAPTION_TRANSLATION (CAPTION,LANGCODE,LABELUPPER,LABELLOWER) VALUES ('CENTIMETERS','EN','CENTIMETERS','Centimeters')
 INSERT INTO CAPTION_TRANSLATION (CAPTION,LANGCODE,LABELUPPER,LABELLOWER) VALUES ('CENTRAL AFRICAN REPUBLIC','EN','CENTRAL AFRICAN REPUBLIC','Central African Republic')
 INSERT INTO CAPTION_TRANSLATION (CAPTION,LANGCODE,LABELUPPER,LABELLOWER) VALUES ('CHAD','EN','CHAD','Chad')
 INSERT INTO CAPTION_TRANSLATION (CAPTION,LANGCODE,LABELUPPER,LABELLOWER) VALUES ('CHANGE_PASSWORD','EN','CHANGE PASSWORD','Change Password')
 INSERT INTO CAPTION_TRANSLATION (CAPTION,LANGCODE,LABELUPPER,LABELLOWER) VALUES ('CHARGE','EN','CHARGE','Charge')
 INSERT INTO CAPTION_TRANSLATION (CAPTION,LANGCODE,LABELUPPER,LABELLOWER) VALUES ('CHILD','EN','CHILD','Child')
 INSERT INTO CAPTION_TRANSLATION (CAPTION,LANGCODE,LABELUPPER,LABELLOWER) VALUES ('CHILD_TABLE','EN','CHILD TABLE','Child Table')
 INSERT INTO CAPTION_TRANSLATION (CAPTION,LANGCODE,LABELUPPER,LABELLOWER) VALUES ('CHILDREN','EN','CHILD TABLES','Child Tables')
 INSERT INTO CAPTION_TRANSLATION (CAPTION,LANGCODE,LABELUPPER,LABELLOWER) VALUES ('CHILE','EN','CHILE','Chile')
 INSERT INTO CAPTION_TRANSLATION (CAPTION,LANGCODE,LABELUPPER,LABELLOWER) VALUES ('CHINA','EN','CHINA','China')
 INSERT INTO CAPTION_TRANSLATION (CAPTION,LANGCODE,LABELUPPER,LABELLOWER) VALUES ('CHOOSE','EN','CHOOSE','Choose')
 INSERT INTO CAPTION_TRANSLATION (CAPTION,LANGCODE,LABELUPPER,LABELLOWER) VALUES ('CHRISTMAS ISLAND','EN','CHRISTMAS ISLAND','Christmas Island')
 INSERT INTO CAPTION_TRANSLATION (CAPTION,LANGCODE,LABELUPPER,LABELLOWER) VALUES ('CITIZEN_SHIP','EN','CITIZENSHIP','Citizenship')
 INSERT INTO CAPTION_TRANSLATION (CAPTION,LANGCODE,LABELUPPER,LABELLOWER) VALUES ('CITIZEN_TYPE','EN','CITIZEN TYPE','Citizen Type')
 INSERT INTO CAPTION_TRANSLATION (CAPTION,LANGCODE,LABELUPPER,LABELLOWER) VALUES ('CITIZENSHIP','EN','CITIZENSHIP','Citizenship')
 INSERT INTO CAPTION_TRANSLATION (CAPTION,LANGCODE,LABELUPPER,LABELLOWER) VALUES ('CITY','EN','CITY','City')
 INSERT INTO CAPTION_TRANSLATION (CAPTION,LANGCODE,LABELUPPER,LABELLOWER) VALUES ('COCOS (KEELING) ISLANDS','EN','COCOS (KEELING) ISLANDS','Cocos (Keeling) Islands')
 INSERT INTO CAPTION_TRANSLATION (CAPTION,LANGCODE,LABELUPPER,LABELLOWER) VALUES ('COLOMBIA','EN','COLOMBIA','Colombia')
 INSERT INTO CAPTION_TRANSLATION (CAPTION,LANGCODE,LABELUPPER,LABELLOWER) VALUES ('COLOR','EN','COLOR','Color')
 INSERT INTO CAPTION_TRANSLATION (CAPTION,LANGCODE,LABELUPPER,LABELLOWER) VALUES ('COLORS','EN','COLORS','Colors')
 INSERT INTO CAPTION_TRANSLATION (CAPTION,LANGCODE,LABELUPPER,LABELLOWER) VALUES ('COMOROS','EN','COMOROS','Comoros')
 INSERT INTO CAPTION_TRANSLATION (CAPTION,LANGCODE,LABELUPPER,LABELLOWER) VALUES ('COMPANY','EN','COMPANY','Company')
 INSERT INTO CAPTION_TRANSLATION (CAPTION,LANGCODE,LABELUPPER,LABELLOWER) VALUES ('CONGO (KINSHASA)','EN','CONGO (KINSHASA)','Congo (Kinshasa)')
 INSERT INTO CAPTION_TRANSLATION (CAPTION,LANGCODE,LABELUPPER,LABELLOWER) VALUES ('CONGO (BRAZZAVILLE)','EN','CONGO (BRAZZAVILLE)','Congo (Brazzaville)')
 INSERT INTO CAPTION_TRANSLATION (CAPTION,LANGCODE,LABELUPPER,LABELLOWER) VALUES ('CONTRACT','EN','CONTRACT','Contract')
 INSERT INTO CAPTION_TRANSLATION (CAPTION,LANGCODE,LABELUPPER,LABELLOWER) VALUES ('CONTRACT_DATE','EN','CONTRACT DATE','Contract Date')
 INSERT INTO CAPTION_TRANSLATION (CAPTION,LANGCODE,LABELUPPER,LABELLOWER) VALUES ('CONTRACT_EXCHANGE','EN','CONTRACT EXCHANGE','Contract Exchange')
 INSERT INTO CAPTION_TRANSLATION (CAPTION,LANGCODE,LABELUPPER,LABELLOWER) VALUES ('CONTRACTED_AMOUNT','EN','CONTRACTED AMOUNT','Contracted Amount')
 INSERT INTO CAPTION_TRANSLATION (CAPTION,LANGCODE,LABELUPPER,LABELLOWER) VALUES ('COOK ISLANDS','EN','COOK ISLANDS','Cook Islands')
 INSERT INTO CAPTION_TRANSLATION (CAPTION,LANGCODE,LABELUPPER,LABELLOWER) VALUES ('COSTA RICA','EN','COSTA RICA','Costa Rica')
 INSERT INTO CAPTION_TRANSLATION (CAPTION,LANGCODE,LABELUPPER,LABELLOWER) VALUES ('CÔTE DIVOIRE','EN','CÔTE DIVOIRE','Côte dIvoire')
 INSERT INTO CAPTION_TRANSLATION (CAPTION,LANGCODE,LABELUPPER,LABELLOWER) VALUES ('COUNTRY','EN','COUNTRY','Country')
 INSERT INTO CAPTION_TRANSLATION (CAPTION,LANGCODE,LABELUPPER,LABELLOWER) VALUES ('CREATE_TIME','EN','CREATE TIME','Create Time')
 INSERT INTO CAPTION_TRANSLATION (CAPTION,LANGCODE,LABELUPPER,LABELLOWER) VALUES ('CREATE_USER','EN','CREATE USER','Create User')
 INSERT INTO CAPTION_TRANSLATION (CAPTION,LANGCODE,LABELUPPER,LABELLOWER) VALUES ('CROATIA','EN','CROATIA','Croatia')
 INSERT INTO CAPTION_TRANSLATION (CAPTION,LANGCODE,LABELUPPER,LABELLOWER) VALUES ('CUBA','EN','CUBA','Cuba')
 INSERT INTO CAPTION_TRANSLATION (CAPTION,LANGCODE,LABELUPPER,LABELLOWER) VALUES ('CUSTOMER','EN','CUSTOMER','Customer')
 INSERT INTO CAPTION_TRANSLATION (CAPTION,LANGCODE,LABELUPPER,LABELLOWER) VALUES ('CUSTOMER_WBS_CAPTION','EN','CUSTOMER WBS CAPTION','Customer WBS Caption')
 INSERT INTO CAPTION_TRANSLATION (CAPTION,LANGCODE,LABELUPPER,LABELLOWER) VALUES ('CUSTOMER_WBS_CODE','EN','CUSTOMER WBS CODE','Customer WBS Code')
 INSERT INTO CAPTION_TRANSLATION (CAPTION,LANGCODE,LABELUPPER,LABELLOWER) VALUES ('CYPRUS','EN','CYPRUS','Cyprus')
 INSERT INTO CAPTION_TRANSLATION (CAPTION,LANGCODE,LABELUPPER,LABELLOWER) VALUES ('CZECH REPUBLIC','EN','CZECH REPUBLIC','Czech Republic')
 INSERT INTO CAPTION_TRANSLATION (CAPTION,LANGCODE,LABELUPPER,LABELLOWER) VALUES ('DAILY','EN','DAILY','Daily')
 INSERT INTO CAPTION_TRANSLATION (CAPTION,LANGCODE,LABELUPPER,LABELLOWER) VALUES ('DATE','EN','DATE','Date')
 INSERT INTO CAPTION_TRANSLATION (CAPTION,LANGCODE,LABELUPPER,LABELLOWER) VALUES ('DAYS','EN','DAYS','Days')
 INSERT INTO CAPTION_TRANSLATION (CAPTION,LANGCODE,LABELUPPER,LABELLOWER) VALUES ('DE_SELECT','EN','DE SELECT','De Select')
 INSERT INTO CAPTION_TRANSLATION (CAPTION,LANGCODE,LABELUPPER,LABELLOWER) VALUES ('DECEMBER','EN','DECEMBER','December')
 INSERT INTO CAPTION_TRANSLATION (CAPTION,LANGCODE,LABELUPPER,LABELLOWER) VALUES ('DELETE','EN','DELETE','Delete')
 INSERT INTO CAPTION_TRANSLATION (CAPTION,LANGCODE,LABELUPPER,LABELLOWER) VALUES ('DELETION','EN','DELETION','Deletion')
 INSERT INTO CAPTION_TRANSLATION (CAPTION,LANGCODE,LABELUPPER,LABELLOWER) VALUES ('DENMARK','EN','DENMARK','Denmark')
 INSERT INTO CAPTION_TRANSLATION (CAPTION,LANGCODE,LABELUPPER,LABELLOWER) VALUES ('DESCRIPTION','EN','DESCRIPTION','Description')
 INSERT INTO CAPTION_TRANSLATION (CAPTION,LANGCODE,LABELUPPER,LABELLOWER) VALUES ('DETAILS','EN','DETAILS','Details')
 INSERT INTO CAPTION_TRANSLATION (CAPTION,LANGCODE,LABELUPPER,LABELLOWER) VALUES ('DIRECTION','EN','DIRECTION','Direction')
 INSERT INTO CAPTION_TRANSLATION (CAPTION,LANGCODE,LABELUPPER,LABELLOWER) VALUES ('DISPLAY_ORDER','EN','DISPLAY ORDER','Display Order')
 INSERT INTO CAPTION_TRANSLATION (CAPTION,LANGCODE,LABELUPPER,LABELLOWER) VALUES ('DJIBOUTI','EN','DJIBOUTI','Djibouti')
 INSERT INTO CAPTION_TRANSLATION (CAPTION,LANGCODE,LABELUPPER,LABELLOWER) VALUES ('DOCID','EN','DOCID','Document ID')
 INSERT INTO CAPTION_TRANSLATION (CAPTION,LANGCODE,LABELUPPER,LABELLOWER) VALUES ('DOMAIN','EN','DOMAIN','Domain')
 INSERT INTO CAPTION_TRANSLATION (CAPTION,LANGCODE,LABELUPPER,LABELLOWER) VALUES ('DOMAIN_DAYS','EN','DOMAIN DAYS','Domain Days')
 INSERT INTO CAPTION_TRANSLATION (CAPTION,LANGCODE,LABELUPPER,LABELLOWER) VALUES ('DOMAIN_LOOKUP','EN','DOMAIN LOOKUP','Domain Lookup')
 INSERT INTO CAPTION_TRANSLATION (CAPTION,LANGCODE,LABELUPPER,LABELLOWER) VALUES ('DOMAIN_MONTHS','EN','DOMAIN MONTHS','Domain Months')
 INSERT INTO CAPTION_TRANSLATION (CAPTION,LANGCODE,LABELUPPER,LABELLOWER) VALUES ('DOMAIN_NAME','EN','DOMAIN NAME','Domain Name')
 INSERT INTO CAPTION_TRANSLATION (CAPTION,LANGCODE,LABELUPPER,LABELLOWER) VALUES ('DOMAIN_NAMES','EN','DOMAIN NAMES','Domain Names')
 INSERT INTO CAPTION_TRANSLATION (CAPTION,LANGCODE,LABELUPPER,LABELLOWER) VALUES ('DOMAIN_PERIOD_TYPE','EN','DOMAIN PERIOD TYPE','Domain Period Type')
 INSERT INTO CAPTION_TRANSLATION (CAPTION,LANGCODE,LABELUPPER,LABELLOWER) VALUES ('DOMAIN_VALUE','EN','DOMAIN VALUE','Domain Value')
 INSERT INTO CAPTION_TRANSLATION (CAPTION,LANGCODE,LABELUPPER,LABELLOWER) VALUES ('DOMAIN_VALUES','EN','DOMAIN VALUES','Domain Values')
 INSERT INTO CAPTION_TRANSLATION (CAPTION,LANGCODE,LABELUPPER,LABELLOWER) VALUES ('DOMAIN_YESNO','EN','DOMAIN YESNO','Domain Yes No')
 INSERT INTO CAPTION_TRANSLATION (CAPTION,LANGCODE,LABELUPPER,LABELLOWER) VALUES ('DOMINICA','EN','DOMINICA','Dominica')
 INSERT INTO CAPTION_TRANSLATION (CAPTION,LANGCODE,LABELUPPER,LABELLOWER) VALUES ('DOMINICAN REPUBLIC','EN','DOMINICAN REPUBLIC','Dominican Republic')
 INSERT INTO CAPTION_TRANSLATION (CAPTION,LANGCODE,LABELUPPER,LABELLOWER) VALUES ('DURATION','EN','DURATION','Duration')
 INSERT INTO CAPTION_TRANSLATION (CAPTION,LANGCODE,LABELUPPER,LABELLOWER) VALUES ('EACH','EN','EACH','Each')
 INSERT INTO CAPTION_TRANSLATION (CAPTION,LANGCODE,LABELUPPER,LABELLOWER) VALUES ('ECUADOR','EN','ECUADOR','Ecuador')
 INSERT INTO CAPTION_TRANSLATION (CAPTION,LANGCODE,LABELUPPER,LABELLOWER) VALUES ('EDIT','EN','EDIT','Edit')
 INSERT INTO CAPTION_TRANSLATION (CAPTION,LANGCODE,LABELUPPER,LABELLOWER) VALUES ('EGYPT','EN','EGYPT','Egypt')
 INSERT INTO CAPTION_TRANSLATION (CAPTION,LANGCODE,LABELUPPER,LABELLOWER) VALUES ('EL SALVADOR','EN','EL SALVADOR','El Salvador')
 INSERT INTO CAPTION_TRANSLATION (CAPTION,LANGCODE,LABELUPPER,LABELLOWER) VALUES ('EMAIL','EN','EMAIL','Email')
 INSERT INTO CAPTION_TRANSLATION (CAPTION,LANGCODE,LABELUPPER,LABELLOWER) VALUES ('EMPLOYEE','EN','EMPLOYEE','Employee')
 INSERT INTO CAPTION_TRANSLATION (CAPTION,LANGCODE,LABELUPPER,LABELLOWER) VALUES ('EMPLOYEE_NUMBER','EN','EMPLOYEE NUMBER','Employee Number')
 INSERT INTO CAPTION_TRANSLATION (CAPTION,LANGCODE,LABELUPPER,LABELLOWER) VALUES ('EMPLOYMENT','EN','EMPLOYMENT','Employment')
 INSERT INTO CAPTION_TRANSLATION (CAPTION,LANGCODE,LABELUPPER,LABELLOWER) VALUES ('END','EN','END','End')
 INSERT INTO CAPTION_TRANSLATION (CAPTION,LANGCODE,LABELUPPER,LABELLOWER) VALUES ('END_DATE','EN','END DATE','End Date')
 INSERT INTO CAPTION_TRANSLATION (CAPTION,LANGCODE,LABELUPPER,LABELLOWER) VALUES ('END_OF_WARRANTY','EN','END OF WARRANTY','End of Warranty')
 INSERT INTO CAPTION_TRANSLATION (CAPTION,LANGCODE,LABELUPPER,LABELLOWER) VALUES ('ENDDA','EN','END DATE','End Date')
 INSERT INTO CAPTION_TRANSLATION (CAPTION,LANGCODE,LABELUPPER,LABELLOWER) VALUES ('ENDDATE','EN','END DATE','End Date')
 INSERT INTO CAPTION_TRANSLATION (CAPTION,LANGCODE,LABELUPPER,LABELLOWER) VALUES ('ENDTIME','EN','END TIME','End Time')
 INSERT INTO CAPTION_TRANSLATION (CAPTION,LANGCODE,LABELUPPER,LABELLOWER) VALUES ('ENGLISH','EN','ENGLISH','English')
 INSERT INTO CAPTION_TRANSLATION (CAPTION,LANGCODE,LABELUPPER,LABELLOWER) VALUES ('EQUATORIAL GUINEA','EN','EQUATORIAL GUINEA','Equatorial Guinea')
 INSERT INTO CAPTION_TRANSLATION (CAPTION,LANGCODE,LABELUPPER,LABELLOWER) VALUES ('ERITREA','EN','ERITREA','Eritrea')
 INSERT INTO CAPTION_TRANSLATION (CAPTION,LANGCODE,LABELUPPER,LABELLOWER) VALUES ('ERR_NO_AUTH','EN','NO AUTHORITY','No authority')
 INSERT INTO CAPTION_TRANSLATION (CAPTION,LANGCODE,LABELUPPER,LABELLOWER) VALUES ('ERR_NO_AUTH_DELETE','EN','NO AUTHORITY TO DELETE','No authority to delete')
 INSERT INTO CAPTION_TRANSLATION (CAPTION,LANGCODE,LABELUPPER,LABELLOWER) VALUES ('ERR_NO_AUTH_INSERT','EN','NO AUTHORITY TO ÝNSERT','No authority to insert')
 INSERT INTO CAPTION_TRANSLATION (CAPTION,LANGCODE,LABELUPPER,LABELLOWER) VALUES ('ERR_NO_AUTH_SELECT','EN','NO AUTHORITY TO READ','No authority to read')
 INSERT INTO CAPTION_TRANSLATION (CAPTION,LANGCODE,LABELUPPER,LABELLOWER) VALUES ('ERR_NO_AUTH_UPDATE','EN','NO AUTHORITY TO UPDATE','No authority to update')
 INSERT INTO CAPTION_TRANSLATION (CAPTION,LANGCODE,LABELUPPER,LABELLOWER) VALUES ('ERR_NO_TABLE','EN','TABLE NAME NOT FOUND','Table name not found')
 INSERT INTO CAPTION_TRANSLATION (CAPTION,LANGCODE,LABELUPPER,LABELLOWER) VALUES ('ERR_TABLE_HAS_NO_KEY','EN','TABLE HAS NO KEY','Table has no key')
 INSERT INTO CAPTION_TRANSLATION (CAPTION,LANGCODE,LABELUPPER,LABELLOWER) VALUES ('ESTONIA','EN','ESTONIA','Estonia')
 INSERT INTO CAPTION_TRANSLATION (CAPTION,LANGCODE,LABELUPPER,LABELLOWER) VALUES ('ETHIOPIA','EN','ETHIOPIA','Ethiopia')
 INSERT INTO CAPTION_TRANSLATION (CAPTION,LANGCODE,LABELUPPER,LABELLOWER) VALUES ('EXPECTED_COMPLETION','EN','EXPECTED COMPLETION','Expected Completion')
 INSERT INTO CAPTION_TRANSLATION (CAPTION,LANGCODE,LABELUPPER,LABELLOWER) VALUES ('EXPECTED_COST','EN','EXPECTED COST','Expected Cost')
 INSERT INTO CAPTION_TRANSLATION (CAPTION,LANGCODE,LABELUPPER,LABELLOWER) VALUES ('EXPIRED','EN','EXPIRED','Expired')
 INSERT INTO CAPTION_TRANSLATION (CAPTION,LANGCODE,LABELUPPER,LABELLOWER) VALUES ('EXT_SUBCONTRACTOR','EN','EXTERNAL SUBCONTRACTOR','External Subcontractor')
 INSERT INTO CAPTION_TRANSLATION (CAPTION,LANGCODE,LABELUPPER,LABELLOWER) VALUES ('FALKLAND ISLANDS','EN','FALKLAND ISLANDS','Falkland Islands')
 INSERT INTO CAPTION_TRANSLATION (CAPTION,LANGCODE,LABELUPPER,LABELLOWER) VALUES ('FAMILY','EN','FAMILY','Family')
 INSERT INTO CAPTION_TRANSLATION (CAPTION,LANGCODE,LABELUPPER,LABELLOWER) VALUES ('FAROE ISLANDS','EN','FAROE ISLANDS','Faroe Islands')
 INSERT INTO CAPTION_TRANSLATION (CAPTION,LANGCODE,LABELUPPER,LABELLOWER) VALUES ('FAX','EN','FAX','Fax')
 INSERT INTO CAPTION_TRANSLATION (CAPTION,LANGCODE,LABELUPPER,LABELLOWER) VALUES ('FEBRUARY','EN','FEBRUARY','February')
 INSERT INTO CAPTION_TRANSLATION (CAPTION,LANGCODE,LABELUPPER,LABELLOWER) VALUES ('FIELDNAME','EN','FIELDNAME','Fieldname')
 INSERT INTO CAPTION_TRANSLATION (CAPTION,LANGCODE,LABELUPPER,LABELLOWER) VALUES ('FIJI','EN','FIJI','Fiji')
 INSERT INTO CAPTION_TRANSLATION (CAPTION,LANGCODE,LABELUPPER,LABELLOWER) VALUES ('FIND','EN','FIND','Find')
 INSERT INTO CAPTION_TRANSLATION (CAPTION,LANGCODE,LABELUPPER,LABELLOWER) VALUES ('FINISH','EN','FINISH','Finish')
 INSERT INTO CAPTION_TRANSLATION (CAPTION,LANGCODE,LABELUPPER,LABELLOWER) VALUES ('FINLAND','EN','FINLAND','Finland')
 INSERT INTO CAPTION_TRANSLATION (CAPTION,LANGCODE,LABELUPPER,LABELLOWER) VALUES ('FIRST_NAME','EN','FIRST NAME','First Name')
 INSERT INTO CAPTION_TRANSLATION (CAPTION,LANGCODE,LABELUPPER,LABELLOWER) VALUES ('FKNAME','EN','FKNAME','Fkname')
 INSERT INTO CAPTION_TRANSLATION (CAPTION,LANGCODE,LABELUPPER,LABELLOWER) VALUES ('FLAG','EN','FLAG','Flag')
 INSERT INTO CAPTION_TRANSLATION (CAPTION,LANGCODE,LABELUPPER,LABELLOWER) VALUES ('FOREIGN','EN','FOREIGN','Foreign')
 INSERT INTO CAPTION_TRANSLATION (CAPTION,LANGCODE,LABELUPPER,LABELLOWER) VALUES ('FOREIGN_MH','EN','FOREIGN M/H','Foreign M/H')
 INSERT INTO CAPTION_TRANSLATION (CAPTION,LANGCODE,LABELUPPER,LABELLOWER) VALUES ('FRANCE','EN','FRANCE','France')
 INSERT INTO CAPTION_TRANSLATION (CAPTION,LANGCODE,LABELUPPER,LABELLOWER) VALUES ('FRENCH GUIANA','EN','FRENCH GUIANA','French Guiana')
 INSERT INTO CAPTION_TRANSLATION (CAPTION,LANGCODE,LABELUPPER,LABELLOWER) VALUES ('FRENCH POLYNESIA','EN','FRENCH POLYNESIA','French Polynesia')
 INSERT INTO CAPTION_TRANSLATION (CAPTION,LANGCODE,LABELUPPER,LABELLOWER) VALUES ('FRENCH SOUTHERN TERRITORIES','EN','FRENCH SOUTHERN TERRITORIES','French Southern Territories')
 INSERT INTO CAPTION_TRANSLATION (CAPTION,LANGCODE,LABELUPPER,LABELLOWER) VALUES ('FRIDAY','EN','FRIDAY','Friday')
 INSERT INTO CAPTION_TRANSLATION (CAPTION,LANGCODE,LABELUPPER,LABELLOWER) VALUES ('FUNCTION_NAME','EN','FUNCTION NAME','Function Name')
 INSERT INTO CAPTION_TRANSLATION (CAPTION,LANGCODE,LABELUPPER,LABELLOWER) VALUES ('GABON','EN','GABON','Gabon')
 INSERT INTO CAPTION_TRANSLATION (CAPTION,LANGCODE,LABELUPPER,LABELLOWER) VALUES ('GAMACODE','EN','GAMACODE','Gamacode')
 INSERT INTO CAPTION_TRANSLATION (CAPTION,LANGCODE,LABELUPPER,LABELLOWER) VALUES ('GAMBIA','EN','GAMBIA','Gambia')
 INSERT INTO CAPTION_TRANSLATION (CAPTION,LANGCODE,LABELUPPER,LABELLOWER) VALUES ('GEORGIA','EN','GEORGIA','Georgia')
 INSERT INTO CAPTION_TRANSLATION (CAPTION,LANGCODE,LABELUPPER,LABELLOWER) VALUES ('GERMANY','EN','GERMANY','Germany')
 INSERT INTO CAPTION_TRANSLATION (CAPTION,LANGCODE,LABELUPPER,LABELLOWER) VALUES ('GHANA','EN','GHANA','Ghana')
 INSERT INTO CAPTION_TRANSLATION (CAPTION,LANGCODE,LABELUPPER,LABELLOWER) VALUES ('GIBRALTAR','EN','GIBRALTAR','Gibraltar')
 INSERT INTO CAPTION_TRANSLATION (CAPTION,LANGCODE,LABELUPPER,LABELLOWER) VALUES ('GRAM','EN','GRAM','Gram')
 INSERT INTO CAPTION_TRANSLATION (CAPTION,LANGCODE,LABELUPPER,LABELLOWER) VALUES ('GREECE','EN','GREECE','Greece')
 INSERT INTO CAPTION_TRANSLATION (CAPTION,LANGCODE,LABELUPPER,LABELLOWER) VALUES ('GREENLAND','EN','GREENLAND','Greenland')
 INSERT INTO CAPTION_TRANSLATION (CAPTION,LANGCODE,LABELUPPER,LABELLOWER) VALUES ('GRENADA','EN','GRENADA','Grenada')
 INSERT INTO CAPTION_TRANSLATION (CAPTION,LANGCODE,LABELUPPER,LABELLOWER) VALUES ('GUADELOUPE','EN','GUADELOUPE','Guadeloupe')
 INSERT INTO CAPTION_TRANSLATION (CAPTION,LANGCODE,LABELUPPER,LABELLOWER) VALUES ('GUAM','EN','GUAM','Guam')
 INSERT INTO CAPTION_TRANSLATION (CAPTION,LANGCODE,LABELUPPER,LABELLOWER) VALUES ('GUATEMALA','EN','GUATEMALA','Guatemala')
 INSERT INTO CAPTION_TRANSLATION (CAPTION,LANGCODE,LABELUPPER,LABELLOWER) VALUES ('GUERNSEY','EN','GUERNSEY','Guernsey')
 INSERT INTO CAPTION_TRANSLATION (CAPTION,LANGCODE,LABELUPPER,LABELLOWER) VALUES ('GUEST','EN','GUEST','Guest')
 INSERT INTO CAPTION_TRANSLATION (CAPTION,LANGCODE,LABELUPPER,LABELLOWER) VALUES ('GUINEA','EN','GUINEA','Guinea')
 INSERT INTO CAPTION_TRANSLATION (CAPTION,LANGCODE,LABELUPPER,LABELLOWER) VALUES ('GUINEA-BISSAU','EN','GUINEA-BISSAU','Guinea-Bissau')
 INSERT INTO CAPTION_TRANSLATION (CAPTION,LANGCODE,LABELUPPER,LABELLOWER) VALUES ('GUYANA','EN','GUYANA','Guyana')
 INSERT INTO CAPTION_TRANSLATION (CAPTION,LANGCODE,LABELUPPER,LABELLOWER) VALUES ('HAITI','EN','HAITI','Haiti')
 INSERT INTO CAPTION_TRANSLATION (CAPTION,LANGCODE,LABELUPPER,LABELLOWER) VALUES ('HEARD AND MCDONALD ISLANDS','EN','HEARD AND MCDONALD ISLANDS','Heard and McDonald Islands')
 INSERT INTO CAPTION_TRANSLATION (CAPTION,LANGCODE,LABELUPPER,LABELLOWER) VALUES ('HELP','EN','HELP','Help')
 INSERT INTO CAPTION_TRANSLATION (CAPTION,LANGCODE,LABELUPPER,LABELLOWER) VALUES ('HONDURAS','EN','HONDURAS','Honduras')
 INSERT INTO CAPTION_TRANSLATION (CAPTION,LANGCODE,LABELUPPER,LABELLOWER) VALUES ('HONG KONG','EN','HONG KONG','Hong Kong')
 INSERT INTO CAPTION_TRANSLATION (CAPTION,LANGCODE,LABELUPPER,LABELLOWER) VALUES ('HOSTNAME','EN','HOSTNAME','Hostname')
 INSERT INTO CAPTION_TRANSLATION (CAPTION,LANGCODE,LABELUPPER,LABELLOWER) VALUES ('HOURLY','EN','HOURLY','Hourly')
 INSERT INTO CAPTION_TRANSLATION (CAPTION,LANGCODE,LABELUPPER,LABELLOWER) VALUES ('HUNGARY','EN','HUNGARY','Hungary')
 INSERT INTO CAPTION_TRANSLATION (CAPTION,LANGCODE,LABELUPPER,LABELLOWER) VALUES ('ICELAND','EN','ICELAND','Iceland')
 INSERT INTO CAPTION_TRANSLATION (CAPTION,LANGCODE,LABELUPPER,LABELLOWER) VALUES ('ICON','EN','ICON','Icon')
 INSERT INTO CAPTION_TRANSLATION (CAPTION,LANGCODE,LABELUPPER,LABELLOWER) VALUES ('INDIA','EN','INDIA','India')
 INSERT INTO CAPTION_TRANSLATION (CAPTION,LANGCODE,LABELUPPER,LABELLOWER) VALUES ('INDONESIA','EN','INDONESIA','Indonesia')
 INSERT INTO CAPTION_TRANSLATION (CAPTION,LANGCODE,LABELUPPER,LABELLOWER) VALUES ('INITIAL','EN','INITIAL','Initial')
 INSERT INTO CAPTION_TRANSLATION (CAPTION,LANGCODE,LABELUPPER,LABELLOWER) VALUES ('INSERT','EN','INSERT','Insert')
 INSERT INTO CAPTION_TRANSLATION (CAPTION,LANGCODE,LABELUPPER,LABELLOWER) VALUES ('INSTALL_DATE','EN','INSTALL DATE','Install Date')
 INSERT INTO CAPTION_TRANSLATION (CAPTION,LANGCODE,LABELUPPER,LABELLOWER) VALUES ('IPADDRESS','EN','IP ADDRESS','IP Address')
 INSERT INTO CAPTION_TRANSLATION (CAPTION,LANGCODE,LABELUPPER,LABELLOWER) VALUES ('IRAN','EN','IRAN','Iran')
 INSERT INTO CAPTION_TRANSLATION (CAPTION,LANGCODE,LABELUPPER,LABELLOWER) VALUES ('IRAQ','EN','IRAQ','Iraq')
 INSERT INTO CAPTION_TRANSLATION (CAPTION,LANGCODE,LABELUPPER,LABELLOWER) VALUES ('IRELAND','EN','IRELAND','Ireland')
 INSERT INTO CAPTION_TRANSLATION (CAPTION,LANGCODE,LABELUPPER,LABELLOWER) VALUES ('IS_SUBCONTRACTOR','EN','IS SUBCONTRACTOR','Is Subcontractor')
 INSERT INTO CAPTION_TRANSLATION (CAPTION,LANGCODE,LABELUPPER,LABELLOWER) VALUES ('ISLE OF MAN','EN','ISLE OF MAN','Isle of Man')
 INSERT INTO CAPTION_TRANSLATION (CAPTION,LANGCODE,LABELUPPER,LABELLOWER) VALUES ('ISOCODE','EN','ISOCODE','Isocode')
 INSERT INTO CAPTION_TRANSLATION (CAPTION,LANGCODE,LABELUPPER,LABELLOWER) VALUES ('ISRAEL','EN','ISRAEL','Israel')
 INSERT INTO CAPTION_TRANSLATION (CAPTION,LANGCODE,LABELUPPER,LABELLOWER) VALUES ('ITALY','EN','ITALY','Italy')
 INSERT INTO CAPTION_TRANSLATION (CAPTION,LANGCODE,LABELUPPER,LABELLOWER) VALUES ('JAMAICA','EN','JAMAICA','Jamaica')
 INSERT INTO CAPTION_TRANSLATION (CAPTION,LANGCODE,LABELUPPER,LABELLOWER) VALUES ('JANUARY','EN','JANUARY','January')
 INSERT INTO CAPTION_TRANSLATION (CAPTION,LANGCODE,LABELUPPER,LABELLOWER) VALUES ('JAPAN','EN','JAPAN','Japan')
 INSERT INTO CAPTION_TRANSLATION (CAPTION,LANGCODE,LABELUPPER,LABELLOWER) VALUES ('JERSEY','EN','JERSEY','Jersey')
 INSERT INTO CAPTION_TRANSLATION (CAPTION,LANGCODE,LABELUPPER,LABELLOWER) VALUES ('JORDAN','EN','JORDAN','Jordan')
 INSERT INTO CAPTION_TRANSLATION (CAPTION,LANGCODE,LABELUPPER,LABELLOWER) VALUES ('JULY','EN','JULY','July')
 INSERT INTO CAPTION_TRANSLATION (CAPTION,LANGCODE,LABELUPPER,LABELLOWER) VALUES ('JUNE','EN','JUNE','June')
 INSERT INTO CAPTION_TRANSLATION (CAPTION,LANGCODE,LABELUPPER,LABELLOWER) VALUES ('KAZAKHSTAN','EN','KAZAKHSTAN','Kazakhstan')
 INSERT INTO CAPTION_TRANSLATION (CAPTION,LANGCODE,LABELUPPER,LABELLOWER) VALUES ('KENYA','EN','KENYA','Kenya')
 INSERT INTO CAPTION_TRANSLATION (CAPTION,LANGCODE,LABELUPPER,LABELLOWER) VALUES ('KEY_VALUE','EN','KEY VALUE','Key Value')
 INSERT INTO CAPTION_TRANSLATION (CAPTION,LANGCODE,LABELUPPER,LABELLOWER) VALUES ('KEYSIZE','EN','KEYSIZE','Keysize')
 INSERT INTO CAPTION_TRANSLATION (CAPTION,LANGCODE,LABELUPPER,LABELLOWER) VALUES ('KEYWORDS','EN','KEY WORDS','Key Words')
 INSERT INTO CAPTION_TRANSLATION (CAPTION,LANGCODE,LABELUPPER,LABELLOWER) VALUES ('KILOGRAM','EN','KILOGRAM','Kilogram')
 INSERT INTO CAPTION_TRANSLATION (CAPTION,LANGCODE,LABELUPPER,LABELLOWER) VALUES ('KIRIBATI','EN','KIRIBATI','Kiribati')
 INSERT INTO CAPTION_TRANSLATION (CAPTION,LANGCODE,LABELUPPER,LABELLOWER) VALUES ('KM','EN','KILOMETERS','Kilometers')
 INSERT INTO CAPTION_TRANSLATION (CAPTION,LANGCODE,LABELUPPER,LABELLOWER) VALUES ('KOSOVO','EN','KOSOVO','Kosovo')
 INSERT INTO CAPTION_TRANSLATION (CAPTION,LANGCODE,LABELUPPER,LABELLOWER) VALUES ('KUWAIT','EN','KUWAIT','Kuwait')
 INSERT INTO CAPTION_TRANSLATION (CAPTION,LANGCODE,LABELUPPER,LABELLOWER) VALUES ('KYRGYZSTAN','EN','KYRGYZSTAN','Kyrgyzstan')
 INSERT INTO CAPTION_TRANSLATION (CAPTION,LANGCODE,LABELUPPER,LABELLOWER) VALUES ('LABEL','EN','LABEL','Label')
 INSERT INTO CAPTION_TRANSLATION (CAPTION,LANGCODE,LABELUPPER,LABELLOWER) VALUES ('LABELLOWER','EN','LABEL LOWER CASE','Label Lower Case')
 INSERT INTO CAPTION_TRANSLATION (CAPTION,LANGCODE,LABELUPPER,LABELLOWER) VALUES ('LABELUPPER','EN','LABEL UPPER CASE','Label Upper Case')
 INSERT INTO CAPTION_TRANSLATION (CAPTION,LANGCODE,LABELUPPER,LABELLOWER) VALUES ('LANGCODE','EN','LANGCODE','Language Code')
 INSERT INTO CAPTION_TRANSLATION (CAPTION,LANGCODE,LABELUPPER,LABELLOWER) VALUES ('LANGUAGE','EN','LANGUAGE','Language')
 INSERT INTO CAPTION_TRANSLATION (CAPTION,LANGCODE,LABELUPPER,LABELLOWER) VALUES ('LANGUAGES','EN','LANGUAGES','Languages')
 INSERT INTO CAPTION_TRANSLATION (CAPTION,LANGCODE,LABELUPPER,LABELLOWER) VALUES ('LAO PDR','EN','LAO PDR','Lao PDR')
 INSERT INTO CAPTION_TRANSLATION (CAPTION,LANGCODE,LABELUPPER,LABELLOWER) VALUES ('LAST','EN','LAST','Last')
 INSERT INTO CAPTION_TRANSLATION (CAPTION,LANGCODE,LABELUPPER,LABELLOWER) VALUES ('LAST_NAME','EN','LAST NAME','Last Name')
 INSERT INTO CAPTION_TRANSLATION (CAPTION,LANGCODE,LABELUPPER,LABELLOWER) VALUES ('LAST_QUANTITY','EN','LAST QUANTITY','Last Quantity')
 INSERT INTO CAPTION_TRANSLATION (CAPTION,LANGCODE,LABELUPPER,LABELLOWER) VALUES ('LATITUDE','EN','LATITUDE','Latitude')
 INSERT INTO CAPTION_TRANSLATION (CAPTION,LANGCODE,LABELUPPER,LABELLOWER) VALUES ('LATVIA','EN','LATVIA','Latvia')
 INSERT INTO CAPTION_TRANSLATION (CAPTION,LANGCODE,LABELUPPER,LABELLOWER) VALUES ('LEBANON','EN','LEBANON','Lebanon')
 INSERT INTO CAPTION_TRANSLATION (CAPTION,LANGCODE,LABELUPPER,LABELLOWER) VALUES ('LENGTH','EN','LENGTH','Length')
 INSERT INTO CAPTION_TRANSLATION (CAPTION,LANGCODE,LABELUPPER,LABELLOWER) VALUES ('LESOTHO','EN','LESOTHO','Lesotho')
 INSERT INTO CAPTION_TRANSLATION (CAPTION,LANGCODE,LABELUPPER,LABELLOWER) VALUES ('LETTER_OF_ADVANCE','EN','LETTER OF ADVANCE','Letter of Advance')
 INSERT INTO CAPTION_TRANSLATION (CAPTION,LANGCODE,LABELUPPER,LABELLOWER) VALUES ('LETTER_OF_WARRANTY','EN','LETTER OF WARRANTY','Letter of Warranty')
 INSERT INTO CAPTION_TRANSLATION (CAPTION,LANGCODE,LABELUPPER,LABELLOWER) VALUES ('LIBERIA','EN','LIBERIA','Liberia')
 INSERT INTO CAPTION_TRANSLATION (CAPTION,LANGCODE,LABELUPPER,LABELLOWER) VALUES ('LIBYA','EN','LIBYA','Libya')
 INSERT INTO CAPTION_TRANSLATION (CAPTION,LANGCODE,LABELUPPER,LABELLOWER) VALUES ('LIECHTENSTEIN','EN','LIECHTENSTEIN','Liechtenstein')
 INSERT INTO CAPTION_TRANSLATION (CAPTION,LANGCODE,LABELUPPER,LABELLOWER) VALUES ('LIGHTS','EN','LIGHTS','Lights')
 INSERT INTO CAPTION_TRANSLATION (CAPTION,LANGCODE,LABELUPPER,LABELLOWER) VALUES ('LIST','EN','LIST','List')
 INSERT INTO CAPTION_TRANSLATION (CAPTION,LANGCODE,LABELUPPER,LABELLOWER) VALUES ('LITER','EN','LITER','Liter')
 INSERT INTO CAPTION_TRANSLATION (CAPTION,LANGCODE,LABELUPPER,LABELLOWER) VALUES ('LITHUANIA','EN','LITHUANIA','Lithuania')
 INSERT INTO CAPTION_TRANSLATION (CAPTION,LANGCODE,LABELUPPER,LABELLOWER) VALUES ('LOCAL','EN','LOCAL','Local')
 INSERT INTO CAPTION_TRANSLATION (CAPTION,LANGCODE,LABELUPPER,LABELLOWER) VALUES ('LOCAL_MH','EN','LOCAL M/H','Local M/H')
 INSERT INTO CAPTION_TRANSLATION (CAPTION,LANGCODE,LABELUPPER,LABELLOWER) VALUES ('LOCATION','EN','LOCATION','Location')
 INSERT INTO CAPTION_TRANSLATION (CAPTION,LANGCODE,LABELUPPER,LABELLOWER) VALUES ('LOCATION_CODE','EN','LOCATION CODE','Location Code')
 INSERT INTO CAPTION_TRANSLATION (CAPTION,LANGCODE,LABELUPPER,LABELLOWER) VALUES ('LOCATION_ID','EN','LOCATION ID','Location Id')
 INSERT INTO CAPTION_TRANSLATION (CAPTION,LANGCODE,LABELUPPER,LABELLOWER) VALUES ('LOCKED','EN','LOCKED','Locked')
 INSERT INTO CAPTION_TRANSLATION (CAPTION,LANGCODE,LABELUPPER,LABELLOWER) VALUES ('LOGIN','EN','LOGIN','Login')
 INSERT INTO CAPTION_TRANSLATION (CAPTION,LANGCODE,LABELUPPER,LABELLOWER) VALUES ('LOGO','EN','LOGO','Logo')
 INSERT INTO CAPTION_TRANSLATION (CAPTION,LANGCODE,LABELUPPER,LABELLOWER) VALUES ('LOGOFF','EN','LOGOFF','Logoff')
 INSERT INTO CAPTION_TRANSLATION (CAPTION,LANGCODE,LABELUPPER,LABELLOWER) VALUES ('LONGITUDE','EN','LONGITUDE','Longitude')
 INSERT INTO CAPTION_TRANSLATION (CAPTION,LANGCODE,LABELUPPER,LABELLOWER) VALUES ('LOOKUP_COMBO_ONLY','EN','LOOKUP COMBO ONLY','Lookup Combo Only')
 INSERT INTO CAPTION_TRANSLATION (CAPTION,LANGCODE,LABELUPPER,LABELLOWER) VALUES ('LOOKUP_COMBO_SHOWDETAIL','EN','LOOKUP COMBO SHOWDETAIL','Lookup Combo Showdetail')
 INSERT INTO CAPTION_TRANSLATION (CAPTION,LANGCODE,LABELUPPER,LABELLOWER) VALUES ('LOOKUP_POPUP_ONLY','EN','LOOKUP POPUP ONLY','Lookup Popup Only')
 INSERT INTO CAPTION_TRANSLATION (CAPTION,LANGCODE,LABELUPPER,LABELLOWER) VALUES ('LOOKUP_POPUP_SHOWDETAIL','EN','LOOKUP POPUP SHOWDETAIL','Lookup Popup Showdetail')
 INSERT INTO CAPTION_TRANSLATION (CAPTION,LANGCODE,LABELUPPER,LABELLOWER) VALUES ('LOOKUPFIELD','EN','LOOKUPFIELD','Lookupfield')
 INSERT INTO CAPTION_TRANSLATION (CAPTION,LANGCODE,LABELUPPER,LABELLOWER) VALUES ('LOOKUPSTYLE','EN','LOOKUPSTYLE','Lookup Style')
 INSERT INTO CAPTION_TRANSLATION (CAPTION,LANGCODE,LABELUPPER,LABELLOWER) VALUES ('LUXEMBOURG','EN','LUXEMBOURG','Luxembourg')
 INSERT INTO CAPTION_TRANSLATION (CAPTION,LANGCODE,LABELUPPER,LABELLOWER) VALUES ('MACAO','EN','MACAO','Macao')
 INSERT INTO CAPTION_TRANSLATION (CAPTION,LANGCODE,LABELUPPER,LABELLOWER) VALUES ('MACEDONIA','EN','MACEDONIA','Macedonia')
 INSERT INTO CAPTION_TRANSLATION (CAPTION,LANGCODE,LABELUPPER,LABELLOWER) VALUES ('MADAGASCAR','EN','MADAGASCAR','Madagascar')
 INSERT INTO CAPTION_TRANSLATION (CAPTION,LANGCODE,LABELUPPER,LABELLOWER) VALUES ('MAIN_FLAG','EN','MAIN FLAG','Main Flag')
 INSERT INTO CAPTION_TRANSLATION (CAPTION,LANGCODE,LABELUPPER,LABELLOWER) VALUES ('MAIN_MENU','EN','MAIN MENU','Main Menu')
 INSERT INTO CAPTION_TRANSLATION (CAPTION,LANGCODE,LABELUPPER,LABELLOWER) VALUES ('MAIN_PAGE','EN','MAIN PAGE','Main Page')
 INSERT INTO CAPTION_TRANSLATION (CAPTION,LANGCODE,LABELUPPER,LABELLOWER) VALUES ('MALAWI','EN','MALAWI','Malawi')
 INSERT INTO CAPTION_TRANSLATION (CAPTION,LANGCODE,LABELUPPER,LABELLOWER) VALUES ('MALAYSIA','EN','MALAYSIA','Malaysia')
 INSERT INTO CAPTION_TRANSLATION (CAPTION,LANGCODE,LABELUPPER,LABELLOWER) VALUES ('MALDIVES','EN','MALDIVES','Maldives')
 INSERT INTO CAPTION_TRANSLATION (CAPTION,LANGCODE,LABELUPPER,LABELLOWER) VALUES ('MALI','EN','MALI','Mali')
 INSERT INTO CAPTION_TRANSLATION (CAPTION,LANGCODE,LABELUPPER,LABELLOWER) VALUES ('MALTA','EN','MALTA','Malta')
 INSERT INTO CAPTION_TRANSLATION (CAPTION,LANGCODE,LABELUPPER,LABELLOWER) VALUES ('MANHOUR','EN','MANHOUR','Man-Hour')
 INSERT INTO CAPTION_TRANSLATION (CAPTION,LANGCODE,LABELUPPER,LABELLOWER) VALUES ('MANHOUR_APPLICATION','EN','MANHOUR APPLICATION','Man Hour Application')
 INSERT INTO CAPTION_TRANSLATION (CAPTION,LANGCODE,LABELUPPER,LABELLOWER) VALUES ('MANHOUR_TO_APPROVE','EN','MANHOUR TO APPROVE','Man-hour to Approve')
 INSERT INTO CAPTION_TRANSLATION (CAPTION,LANGCODE,LABELUPPER,LABELLOWER) VALUES ('MARCH','EN','MARCH','March')
 INSERT INTO CAPTION_TRANSLATION (CAPTION,LANGCODE,LABELUPPER,LABELLOWER) VALUES ('MARSHALL ISLANDS','EN','MARSHALL ISLANDS','Marshall Islands')
 INSERT INTO CAPTION_TRANSLATION (CAPTION,LANGCODE,LABELUPPER,LABELLOWER) VALUES ('MARTINIQUE','EN','MARTINIQUE','Martinique')
 INSERT INTO CAPTION_TRANSLATION (CAPTION,LANGCODE,LABELUPPER,LABELLOWER) VALUES ('MAURITANIA','EN','MAURITANIA','Mauritania')
 INSERT INTO CAPTION_TRANSLATION (CAPTION,LANGCODE,LABELUPPER,LABELLOWER) VALUES ('MAURITIUS','EN','MAURITIUS','Mauritius')
 INSERT INTO CAPTION_TRANSLATION (CAPTION,LANGCODE,LABELUPPER,LABELLOWER) VALUES ('MAX_BEGDA','EN','MAX BEGDA','Max Begda')
 INSERT INTO CAPTION_TRANSLATION (CAPTION,LANGCODE,LABELUPPER,LABELLOWER) VALUES ('MAX_ENDDA','EN','MAX ENDDA','Max Endda')
 INSERT INTO CAPTION_TRANSLATION (CAPTION,LANGCODE,LABELUPPER,LABELLOWER) VALUES ('MAY','EN','MAY','May')
 INSERT INTO CAPTION_TRANSLATION (CAPTION,LANGCODE,LABELUPPER,LABELLOWER) VALUES ('MAYOTTE','EN','MAYOTTE','Mayotte')
 INSERT INTO CAPTION_TRANSLATION (CAPTION,LANGCODE,LABELUPPER,LABELLOWER) VALUES ('MEASUREMENT_UNIT','EN','MEASUREMENT UNIT','Measurement Unit')
 INSERT INTO CAPTION_TRANSLATION (CAPTION,LANGCODE,LABELUPPER,LABELLOWER) VALUES ('MENU','EN','MENU','Menu')
 INSERT INTO CAPTION_TRANSLATION (CAPTION,LANGCODE,LABELUPPER,LABELLOWER) VALUES ('MENU_CAPTION','EN','MENU CAPTION','Menu Caption')
 INSERT INTO CAPTION_TRANSLATION (CAPTION,LANGCODE,LABELUPPER,LABELLOWER) VALUES ('MENU_ICON','EN','MENU ICON','Menu Icon')
 INSERT INTO CAPTION_TRANSLATION (CAPTION,LANGCODE,LABELUPPER,LABELLOWER) VALUES ('MENU_ORDER','EN','MENU ORDER','Menu Order')
 INSERT INTO CAPTION_TRANSLATION (CAPTION,LANGCODE,LABELUPPER,LABELLOWER) VALUES ('METERS','EN','METERS','Meters')
 INSERT INTO CAPTION_TRANSLATION (CAPTION,LANGCODE,LABELUPPER,LABELLOWER) VALUES ('METRIC','EN','METRIC','Metric')
 INSERT INTO CAPTION_TRANSLATION (CAPTION,LANGCODE,LABELUPPER,LABELLOWER) VALUES ('MEXICO','EN','MEXICO','Mexico')
 INSERT INTO CAPTION_TRANSLATION (CAPTION,LANGCODE,LABELUPPER,LABELLOWER) VALUES ('MICRONESIA FEDERATED STATES','EN','MICRONESIA FEDERATED STATES','Micronesia Federated States')
 INSERT INTO CAPTION_TRANSLATION (CAPTION,LANGCODE,LABELUPPER,LABELLOWER) VALUES ('MILLILITER','EN','MILLILITER','Milliliter')
 INSERT INTO CAPTION_TRANSLATION (CAPTION,LANGCODE,LABELUPPER,LABELLOWER) VALUES ('MOLDOVA','EN','MOLDOVA','Moldova')
 INSERT INTO CAPTION_TRANSLATION (CAPTION,LANGCODE,LABELUPPER,LABELLOWER) VALUES ('MONACO','EN','MONACO','Monaco')
 INSERT INTO CAPTION_TRANSLATION (CAPTION,LANGCODE,LABELUPPER,LABELLOWER) VALUES ('MONDAY','EN','MONDAY','Monday')
 INSERT INTO CAPTION_TRANSLATION (CAPTION,LANGCODE,LABELUPPER,LABELLOWER) VALUES ('MONGOLIA','EN','MONGOLIA','Mongolia')
 INSERT INTO CAPTION_TRANSLATION (CAPTION,LANGCODE,LABELUPPER,LABELLOWER) VALUES ('MONTENEGRO','EN','MONTENEGRO','Montenegro')
 INSERT INTO CAPTION_TRANSLATION (CAPTION,LANGCODE,LABELUPPER,LABELLOWER) VALUES ('MONTHLY','EN','MONTHLY','Monthly')
 INSERT INTO CAPTION_TRANSLATION (CAPTION,LANGCODE,LABELUPPER,LABELLOWER) VALUES ('MONTHS','EN','MONTHS','Months')
 INSERT INTO CAPTION_TRANSLATION (CAPTION,LANGCODE,LABELUPPER,LABELLOWER) VALUES ('MONTSERRAT','EN','MONTSERRAT','Montserrat')
 INSERT INTO CAPTION_TRANSLATION (CAPTION,LANGCODE,LABELUPPER,LABELLOWER) VALUES ('MOROCCO','EN','MOROCCO','Morocco')
 INSERT INTO CAPTION_TRANSLATION (CAPTION,LANGCODE,LABELUPPER,LABELLOWER) VALUES ('MOZAMBIQUE','EN','MOZAMBIQUE','Mozambique')
 INSERT INTO CAPTION_TRANSLATION (CAPTION,LANGCODE,LABELUPPER,LABELLOWER) VALUES ('MYANMAR','EN','MYANMAR','Myanmar')
 INSERT INTO CAPTION_TRANSLATION (CAPTION,LANGCODE,LABELUPPER,LABELLOWER) VALUES ('NAME','EN','NAME','Name')
 INSERT INTO CAPTION_TRANSLATION (CAPTION,LANGCODE,LABELUPPER,LABELLOWER) VALUES ('NAMIBIA','EN','NAMIBIA','Namibia')
 INSERT INTO CAPTION_TRANSLATION (CAPTION,LANGCODE,LABELUPPER,LABELLOWER) VALUES ('NATIONALITY_ID','EN','NATIONALITY','Nationality')
 INSERT INTO CAPTION_TRANSLATION (CAPTION,LANGCODE,LABELUPPER,LABELLOWER) VALUES ('NAURU','EN','NAURU','Nauru')
 INSERT INTO CAPTION_TRANSLATION (CAPTION,LANGCODE,LABELUPPER,LABELLOWER) VALUES ('NEPAL','EN','NEPAL','Nepal')
 INSERT INTO CAPTION_TRANSLATION (CAPTION,LANGCODE,LABELUPPER,LABELLOWER) VALUES ('NET','EN','NET','Net')
 INSERT INTO CAPTION_TRANSLATION (CAPTION,LANGCODE,LABELUPPER,LABELLOWER) VALUES ('NETHERLANDS','EN','NETHERLANDS','Netherlands')
 INSERT INTO CAPTION_TRANSLATION (CAPTION,LANGCODE,LABELUPPER,LABELLOWER) VALUES ('NEW','EN','NEW','New')
 INSERT INTO CAPTION_TRANSLATION (CAPTION,LANGCODE,LABELUPPER,LABELLOWER) VALUES ('NEW CALEDONIA','EN','NEW CALEDONIA','New Caledonia')
 INSERT INTO CAPTION_TRANSLATION (CAPTION,LANGCODE,LABELUPPER,LABELLOWER) VALUES ('NEW ZEALAND','EN','NEW ZEALAND','New Zealand')
 INSERT INTO CAPTION_TRANSLATION (CAPTION,LANGCODE,LABELUPPER,LABELLOWER) VALUES ('NEW_RECORD','EN','NEW RECORD','New Record')
 INSERT INTO CAPTION_TRANSLATION (CAPTION,LANGCODE,LABELUPPER,LABELLOWER) VALUES ('NEXT_BEGDA','EN','NEXT START DATE','Next Start Date')
 INSERT INTO CAPTION_TRANSLATION (CAPTION,LANGCODE,LABELUPPER,LABELLOWER) VALUES ('NICARAGUA','EN','NICARAGUA','Nicaragua')
 INSERT INTO CAPTION_TRANSLATION (CAPTION,LANGCODE,LABELUPPER,LABELLOWER) VALUES ('NIGER','EN','NIGER','Niger')
 INSERT INTO CAPTION_TRANSLATION (CAPTION,LANGCODE,LABELUPPER,LABELLOWER) VALUES ('NIGERIA','EN','NIGERIA','Nigeria')
 INSERT INTO CAPTION_TRANSLATION (CAPTION,LANGCODE,LABELUPPER,LABELLOWER) VALUES ('NIUE','EN','NIUE','Niue')
 INSERT INTO CAPTION_TRANSLATION (CAPTION,LANGCODE,LABELUPPER,LABELLOWER) VALUES ('NO','EN','NO','No')
 INSERT INTO CAPTION_TRANSLATION (CAPTION,LANGCODE,LABELUPPER,LABELLOWER) VALUES ('NO_LOOKUP_SHOWDETAIL','EN','NO LOOKUP SHOWDETAIL','No Lookup Show Detail')
 INSERT INTO CAPTION_TRANSLATION (CAPTION,LANGCODE,LABELUPPER,LABELLOWER) VALUES ('NORFOLK ISLAND','EN','NORFOLK ISLAND','Norfolk Island')
 INSERT INTO CAPTION_TRANSLATION (CAPTION,LANGCODE,LABELUPPER,LABELLOWER) VALUES ('NORTH KOREA','EN','NORTH KOREA','North Korea')
 INSERT INTO CAPTION_TRANSLATION (CAPTION,LANGCODE,LABELUPPER,LABELLOWER) VALUES ('NORTHERN MARIANA ISLANDS','EN','NORTHERN MARIANA ISLANDS','Northern Mariana Islands')
 INSERT INTO CAPTION_TRANSLATION (CAPTION,LANGCODE,LABELUPPER,LABELLOWER) VALUES ('NORWAY','EN','NORWAY','Norway')
 INSERT INTO CAPTION_TRANSLATION (CAPTION,LANGCODE,LABELUPPER,LABELLOWER) VALUES ('NOVEMBER','EN','NOVEMBER','November')
 INSERT INTO CAPTION_TRANSLATION (CAPTION,LANGCODE,LABELUPPER,LABELLOWER) VALUES ('OBJECT_AUTHORIZATION','EN','OBJECT AUTHORIZATION','Object Authorization')
 INSERT INTO CAPTION_TRANSLATION (CAPTION,LANGCODE,LABELUPPER,LABELLOWER) VALUES ('OBJECT_TYPE','EN','OBJECT TYPE','Object Type')
 INSERT INTO CAPTION_TRANSLATION (CAPTION,LANGCODE,LABELUPPER,LABELLOWER) VALUES ('OCTOBER','EN','OCTOBER','October')
 INSERT INTO CAPTION_TRANSLATION (CAPTION,LANGCODE,LABELUPPER,LABELLOWER) VALUES ('OK','EN','OK','Ok')
 INSERT INTO CAPTION_TRANSLATION (CAPTION,LANGCODE,LABELUPPER,LABELLOWER) VALUES ('OMAN','EN','OMAN','Oman')
 INSERT INTO CAPTION_TRANSLATION (CAPTION,LANGCODE,LABELUPPER,LABELLOWER) VALUES ('ORDER','EN','ORDER','Order')
 INSERT INTO CAPTION_TRANSLATION (CAPTION,LANGCODE,LABELUPPER,LABELLOWER) VALUES ('ORDERBY','EN','ORDERBY','Orderby')
 INSERT INTO CAPTION_TRANSLATION (CAPTION,LANGCODE,LABELUPPER,LABELLOWER) VALUES ('ORGANIZATION','EN','ORGANIZATION','Organization')
 INSERT INTO CAPTION_TRANSLATION (CAPTION,LANGCODE,LABELUPPER,LABELLOWER) VALUES ('ORGANIZATION_ID','EN','ORGANIZATION ID','Organization Id')
 INSERT INTO CAPTION_TRANSLATION (CAPTION,LANGCODE,LABELUPPER,LABELLOWER) VALUES ('ORGANIZATION_NAME','EN','ORGANIZATION NAME','Organization Name')
 INSERT INTO CAPTION_TRANSLATION (CAPTION,LANGCODE,LABELUPPER,LABELLOWER) VALUES ('OVERTIME','EN','OVERTIME','Overtime')
 INSERT INTO CAPTION_TRANSLATION (CAPTION,LANGCODE,LABELUPPER,LABELLOWER) VALUES ('OVERTIME_TO_APPROVE','EN','OVERTIME TO APPROVE','Overtime to Approve')
 INSERT INTO CAPTION_TRANSLATION (CAPTION,LANGCODE,LABELUPPER,LABELLOWER) VALUES ('PAGE_AUTHORIZATIONS','EN','PAGE AUTHORIZATIONS','Page Authorizations')
 INSERT INTO CAPTION_TRANSLATION (CAPTION,LANGCODE,LABELUPPER,LABELLOWER) VALUES ('PAGE_CAPTION','EN','PAGE CAPTION','Page Caption')
 INSERT INTO CAPTION_TRANSLATION (CAPTION,LANGCODE,LABELUPPER,LABELLOWER) VALUES ('PAGE_ICON','EN','PAGE ICON','Page Icon')
 INSERT INTO CAPTION_TRANSLATION (CAPTION,LANGCODE,LABELUPPER,LABELLOWER) VALUES ('PAGE_ORDER','EN','PAGE ORDER','Page Order')
 INSERT INTO CAPTION_TRANSLATION (CAPTION,LANGCODE,LABELUPPER,LABELLOWER) VALUES ('PAGENAME','EN','PAGENAME','Pagename')
 INSERT INTO CAPTION_TRANSLATION (CAPTION,LANGCODE,LABELUPPER,LABELLOWER) VALUES ('PAKISTAN','EN','PAKISTAN','Pakistan')
 INSERT INTO CAPTION_TRANSLATION (CAPTION,LANGCODE,LABELUPPER,LABELLOWER) VALUES ('PALAU','EN','PALAU','Palau')
 INSERT INTO CAPTION_TRANSLATION (CAPTION,LANGCODE,LABELUPPER,LABELLOWER) VALUES ('PALESTINIAN TERRITORY','EN','PALESTINIAN TERRITORY','Palestinian Territory')
 INSERT INTO CAPTION_TRANSLATION (CAPTION,LANGCODE,LABELUPPER,LABELLOWER) VALUES ('PANAMA','EN','PANAMA','Panama')
 INSERT INTO CAPTION_TRANSLATION (CAPTION,LANGCODE,LABELUPPER,LABELLOWER) VALUES ('PAPUA NEW GUINEA','EN','PAPUA NEW GUINEA','Papua New Guinea')
 INSERT INTO CAPTION_TRANSLATION (CAPTION,LANGCODE,LABELUPPER,LABELLOWER) VALUES ('PARAGUAY','EN','PARAGUAY','Paraguay')
 INSERT INTO CAPTION_TRANSLATION (CAPTION,LANGCODE,LABELUPPER,LABELLOWER) VALUES ('PARENT_ID','EN','PARENT ID','Parent Id')
 INSERT INTO CAPTION_TRANSLATION (CAPTION,LANGCODE,LABELUPPER,LABELLOWER) VALUES ('PARENT_TABLE','EN','PARENT TABLE','Parent Table')
 INSERT INTO CAPTION_TRANSLATION (CAPTION,LANGCODE,LABELUPPER,LABELLOWER) VALUES ('PASSTEXT','EN','PASSWORD','Password')
 INSERT INTO CAPTION_TRANSLATION (CAPTION,LANGCODE,LABELUPPER,LABELLOWER) VALUES ('PASSWORD','EN','PASSWORD','Password')
 INSERT INTO CAPTION_TRANSLATION (CAPTION,LANGCODE,LABELUPPER,LABELLOWER) VALUES ('PEOPLE','EN','PEOPLE','People')
 INSERT INTO CAPTION_TRANSLATION (CAPTION,LANGCODE,LABELUPPER,LABELLOWER) VALUES ('PERIOD','EN','PERIOD','Period')
 INSERT INTO CAPTION_TRANSLATION (CAPTION,LANGCODE,LABELUPPER,LABELLOWER) VALUES ('PERIOD_TYPE','EN','PERIOD TYPE','Period Type')
 INSERT INTO CAPTION_TRANSLATION (CAPTION,LANGCODE,LABELUPPER,LABELLOWER) VALUES ('PERSON_ID','EN','PERSON ID','Person Id')
 INSERT INTO CAPTION_TRANSLATION (CAPTION,LANGCODE,LABELUPPER,LABELLOWER) VALUES ('PERSONID','EN','PERSON ID','Person ID')
 INSERT INTO CAPTION_TRANSLATION (CAPTION,LANGCODE,LABELUPPER,LABELLOWER) VALUES ('PERU','EN','PERU','Peru')
 INSERT INTO CAPTION_TRANSLATION (CAPTION,LANGCODE,LABELUPPER,LABELLOWER) VALUES ('PHILIPPINES','EN','PHILIPPINES','Philippines')
 INSERT INTO CAPTION_TRANSLATION (CAPTION,LANGCODE,LABELUPPER,LABELLOWER) VALUES ('PHONE','EN','PHONE','Phone')
 INSERT INTO CAPTION_TRANSLATION (CAPTION,LANGCODE,LABELUPPER,LABELLOWER) VALUES ('PHONEBOOK','EN','PHONE BOOK','Phone Book')
 INSERT INTO CAPTION_TRANSLATION (CAPTION,LANGCODE,LABELUPPER,LABELLOWER) VALUES ('PITCAIRN','EN','PITCAIRN','Pitcairn')
 INSERT INTO CAPTION_TRANSLATION (CAPTION,LANGCODE,LABELUPPER,LABELLOWER) VALUES ('PLANNED','EN','PLANNED','Planned')
 INSERT INTO CAPTION_TRANSLATION (CAPTION,LANGCODE,LABELUPPER,LABELLOWER) VALUES ('PLANNED_METRIC','EN','PLANNED METRIC','Planned Metric')
 INSERT INTO CAPTION_TRANSLATION (CAPTION,LANGCODE,LABELUPPER,LABELLOWER) VALUES ('PLANNED_QUANTITY','EN','PLANNED QUANTITY','Planned Quantity')
 INSERT INTO CAPTION_TRANSLATION (CAPTION,LANGCODE,LABELUPPER,LABELLOWER) VALUES ('PLANNED_WORKFORCE','EN','PLANNED WORKFORCE','Planned Workforce')
 INSERT INTO CAPTION_TRANSLATION (CAPTION,LANGCODE,LABELUPPER,LABELLOWER) VALUES ('POLAND','EN','POLAND','Poland')
 INSERT INTO CAPTION_TRANSLATION (CAPTION,LANGCODE,LABELUPPER,LABELLOWER) VALUES ('PORTUGAL','EN','PORTUGAL','Portugal')
 INSERT INTO CAPTION_TRANSLATION (CAPTION,LANGCODE,LABELUPPER,LABELLOWER) VALUES ('POSITION','EN','POSITION','Position')
 INSERT INTO CAPTION_TRANSLATION (CAPTION,LANGCODE,LABELUPPER,LABELLOWER) VALUES ('PRIMARYKEY','EN','PRIMARYKEY','Primarykey')
 INSERT INTO CAPTION_TRANSLATION (CAPTION,LANGCODE,LABELUPPER,LABELLOWER) VALUES ('PRJ_CAPTION','EN','PROJECT CAPTION','Project Caption')
 INSERT INTO CAPTION_TRANSLATION (CAPTION,LANGCODE,LABELUPPER,LABELLOWER) VALUES ('PROGRAM','EN','PROGRAM','Program')
 INSERT INTO CAPTION_TRANSLATION (CAPTION,LANGCODE,LABELUPPER,LABELLOWER) VALUES ('PROJECT','EN','PROJECT','Project')
 INSERT INTO CAPTION_TRANSLATION (CAPTION,LANGCODE,LABELUPPER,LABELLOWER) VALUES ('PROJECT_CAPTION','EN','PROJECT CAPTION','Project Caption')
 INSERT INTO CAPTION_TRANSLATION (CAPTION,LANGCODE,LABELUPPER,LABELLOWER) VALUES ('PROJECT_FILTER','EN','PROJECT FILTER','Project Filter')
 INSERT INTO CAPTION_TRANSLATION (CAPTION,LANGCODE,LABELUPPER,LABELLOWER) VALUES ('PROJECT_ID','EN','PROJECT ID','Project Id')
 INSERT INTO CAPTION_TRANSLATION (CAPTION,LANGCODE,LABELUPPER,LABELLOWER) VALUES ('PROJECT_MANHOUR','EN','PROJECT MANHOUR','Project Man-hour')
 INSERT INTO CAPTION_TRANSLATION (CAPTION,LANGCODE,LABELUPPER,LABELLOWER) VALUES ('PROJECT_MANHOUR_1','EN','EACH PERSON','Each Person')
 INSERT INTO CAPTION_TRANSLATION (CAPTION,LANGCODE,LABELUPPER,LABELLOWER) VALUES ('PROJECT_MANHOUR_N','EN','TOTAL','Total')
 INSERT INTO CAPTION_TRANSLATION (CAPTION,LANGCODE,LABELUPPER,LABELLOWER) VALUES ('PROJECT_QUANTITY','EN','PROJECT QUANTITY','Project Quantity')
 INSERT INTO CAPTION_TRANSLATION (CAPTION,LANGCODE,LABELUPPER,LABELLOWER) VALUES ('PROJECT_TEAM','EN','PROJECT TEAM','Project Team')
 INSERT INTO CAPTION_TRANSLATION (CAPTION,LANGCODE,LABELUPPER,LABELLOWER) VALUES ('PROJECT_TEAM_PERSON','EN','PROJECT TEAM PERSON','Project Team Person')
 INSERT INTO CAPTION_TRANSLATION (CAPTION,LANGCODE,LABELUPPER,LABELLOWER) VALUES ('PROJECT_TEAM_TEMPLATE','EN','PROJECT TEAM TEMPLATE','Project Team Template')
 INSERT INTO CAPTION_TRANSLATION (CAPTION,LANGCODE,LABELUPPER,LABELLOWER) VALUES ('PROJECT_WBS','EN','PROJECT WBS','Project WBS')
 INSERT INTO CAPTION_TRANSLATION (CAPTION,LANGCODE,LABELUPPER,LABELLOWER) VALUES ('PROJECT_WBS_MANHOUR','EN','PROJECT WBS MANHOUR','Project WBS Man-hour')
 INSERT INTO CAPTION_TRANSLATION (CAPTION,LANGCODE,LABELUPPER,LABELLOWER) VALUES ('PROJECT_WBS_MH_TO_APR','EN','PROJECT WBS MANHOUR TO APPROVE','Project WBS Man-hour to Approve')
 INSERT INTO CAPTION_TRANSLATION (CAPTION,LANGCODE,LABELUPPER,LABELLOWER) VALUES ('PROJECT_WBS_QTY_TO_APR','EN','PROJECT WBS QUANTITY TO APPROVE','Project WBS Quantity to Approve')
 INSERT INTO CAPTION_TRANSLATION (CAPTION,LANGCODE,LABELUPPER,LABELLOWER) VALUES ('PROJECT_WBS_QUANTITY','EN','PROJECT WBS QUANTITY','Project WBS Quantity')
 INSERT INTO CAPTION_TRANSLATION (CAPTION,LANGCODE,LABELUPPER,LABELLOWER) VALUES ('PUBLISH_TIME','EN','PUBLISH TIME','Publish Time')
 INSERT INTO CAPTION_TRANSLATION (CAPTION,LANGCODE,LABELUPPER,LABELLOWER) VALUES ('PUERTO RICO','EN','PUERTO RICO','Puerto Rico')
 INSERT INTO CAPTION_TRANSLATION (CAPTION,LANGCODE,LABELUPPER,LABELLOWER) VALUES ('PUP','EN','PROJECT EXECUTION PLAN','Project Execution Plan')
 INSERT INTO CAPTION_TRANSLATION (CAPTION,LANGCODE,LABELUPPER,LABELLOWER) VALUES ('PUP_METRIC','EN','PUP METRIC','Pup Metric')
 INSERT INTO CAPTION_TRANSLATION (CAPTION,LANGCODE,LABELUPPER,LABELLOWER) VALUES ('PUP_QUANTITY','EN','PUP QUANTITY','Pup Quantity')
 INSERT INTO CAPTION_TRANSLATION (CAPTION,LANGCODE,LABELUPPER,LABELLOWER) VALUES ('PUP_WORKFORCE','EN','PUP WORKFORCE','Pup Workforce')
 INSERT INTO CAPTION_TRANSLATION (CAPTION,LANGCODE,LABELUPPER,LABELLOWER) VALUES ('QATAR','EN','QATAR','Qatar')
 INSERT INTO CAPTION_TRANSLATION (CAPTION,LANGCODE,LABELUPPER,LABELLOWER) VALUES ('QUANTITY','EN','QUANTITY','Quantity')
 INSERT INTO CAPTION_TRANSLATION (CAPTION,LANGCODE,LABELUPPER,LABELLOWER) VALUES ('QUANTITY_TO_APPROVE','EN','QUANTITY TO APPROVE','Quantity to Approve')
 INSERT INTO CAPTION_TRANSLATION (CAPTION,LANGCODE,LABELUPPER,LABELLOWER) VALUES ('READ','EN','READ','Read')
 INSERT INTO CAPTION_TRANSLATION (CAPTION,LANGCODE,LABELUPPER,LABELLOWER) VALUES ('REALISED','EN','REALIZED','Realized')
 INSERT INTO CAPTION_TRANSLATION (CAPTION,LANGCODE,LABELUPPER,LABELLOWER) VALUES ('REFVALUE','EN','REFERENCE VALUE','Reference Value')
 INSERT INTO CAPTION_TRANSLATION (CAPTION,LANGCODE,LABELUPPER,LABELLOWER) VALUES ('REPORT','EN','REPORT','Report')
 INSERT INTO CAPTION_TRANSLATION (CAPTION,LANGCODE,LABELUPPER,LABELLOWER) VALUES ('REPORT_BRIEF_MANHOUR','EN','BRIEF MANHOUR REPORT','Brief Man-hour Report')
 INSERT INTO CAPTION_TRANSLATION (CAPTION,LANGCODE,LABELUPPER,LABELLOWER) VALUES ('REPORT_CITIZEN_TYPE','EN','CITIZEN TYPE MANHOUR REPORT','Citizen Type Man-hour Report')
 INSERT INTO CAPTION_TRANSLATION (CAPTION,LANGCODE,LABELUPPER,LABELLOWER) VALUES ('REPORT_CUMULATIVE_DIRECT_MANHOUR','EN','CUMULATIVE DIRECT MANHOUR REPORT','Cumulative Direct Man-hour Report')
 INSERT INTO CAPTION_TRANSLATION (CAPTION,LANGCODE,LABELUPPER,LABELLOWER) VALUES ('REPORT_FM_NM','EN','WORKING TIME MANHOUR REPORT','Working Time Man-hour Report')
 INSERT INTO CAPTION_TRANSLATION (CAPTION,LANGCODE,LABELUPPER,LABELLOWER) VALUES ('REPORT_SUBCONTRACTOR_MANHOUR','EN','SUBCONTRACTOR MANHOUR REPORT','Subcontractor Man-hour Report')
 INSERT INTO CAPTION_TRANSLATION (CAPTION,LANGCODE,LABELUPPER,LABELLOWER) VALUES ('REPORT_TEAM_MANHOUR','EN','TEAM MANHOUR REPORT','Team Man-hour Report')
 INSERT INTO CAPTION_TRANSLATION (CAPTION,LANGCODE,LABELUPPER,LABELLOWER) VALUES ('REPORTS','EN','REPORTS','Reports')
 INSERT INTO CAPTION_TRANSLATION (CAPTION,LANGCODE,LABELUPPER,LABELLOWER) VALUES ('RÉUNION','EN','RÉUNION','Réunion')
 INSERT INTO CAPTION_TRANSLATION (CAPTION,LANGCODE,LABELUPPER,LABELLOWER) VALUES ('REVIZED_COMPLETION','EN','REVISED COMPLETION','Revised Completion')
 INSERT INTO CAPTION_TRANSLATION (CAPTION,LANGCODE,LABELUPPER,LABELLOWER) VALUES ('REVIZED_DURATION','EN','REVISED DURATION','Revised Duration')
 INSERT INTO CAPTION_TRANSLATION (CAPTION,LANGCODE,LABELUPPER,LABELLOWER) VALUES ('ROMANIA','EN','ROMANIA','Romania')
 INSERT INTO CAPTION_TRANSLATION (CAPTION,LANGCODE,LABELUPPER,LABELLOWER) VALUES ('RUSSIAN FEDERATION','EN','RUSSIAN FEDERATION','Russian Federation')
 INSERT INTO CAPTION_TRANSLATION (CAPTION,LANGCODE,LABELUPPER,LABELLOWER) VALUES ('RWANDA','EN','RWANDA','Rwanda')
 INSERT INTO CAPTION_TRANSLATION (CAPTION,LANGCODE,LABELUPPER,LABELLOWER) VALUES ('SAINT HELENA','EN','SAINT HELENA','Saint Helena')
 INSERT INTO CAPTION_TRANSLATION (CAPTION,LANGCODE,LABELUPPER,LABELLOWER) VALUES ('SAINT KITTS AND NEVIS','EN','SAINT KITTS AND NEVIS','Saint Kitts and Nevis')
 INSERT INTO CAPTION_TRANSLATION (CAPTION,LANGCODE,LABELUPPER,LABELLOWER) VALUES ('SAINT LUCIA','EN','SAINT LUCIA','Saint Lucia')
 INSERT INTO CAPTION_TRANSLATION (CAPTION,LANGCODE,LABELUPPER,LABELLOWER) VALUES ('SAINT MARTIN','EN','SAINT MARTIN','Saint Martin')
 INSERT INTO CAPTION_TRANSLATION (CAPTION,LANGCODE,LABELUPPER,LABELLOWER) VALUES ('SAINT PIERRE AND MIQUELON','EN','SAINT PIERRE AND MIQUELON','Saint Pierre and Miquelon')
 INSERT INTO CAPTION_TRANSLATION (CAPTION,LANGCODE,LABELUPPER,LABELLOWER) VALUES ('SAINT VINCENT AND GRENADINES','EN','SAINT VINCENT AND GRENADINES','Saint Vincent and Grenadines')
 INSERT INTO CAPTION_TRANSLATION (CAPTION,LANGCODE,LABELUPPER,LABELLOWER) VALUES ('SAINT-BARTHÉLEMY','EN','SAINT-BARTHÉLEMY','Saint-Barthélemy')
 INSERT INTO CAPTION_TRANSLATION (CAPTION,LANGCODE,LABELUPPER,LABELLOWER) VALUES ('SAMOA','EN','SAMOA','Samoa')
 INSERT INTO CAPTION_TRANSLATION (CAPTION,LANGCODE,LABELUPPER,LABELLOWER) VALUES ('SAN MARINO','EN','SAN MARINO','San Marino')
 INSERT INTO CAPTION_TRANSLATION (CAPTION,LANGCODE,LABELUPPER,LABELLOWER) VALUES ('SAO TOME AND PRINCIPE','EN','SAO TOME AND PRINCIPE','Sao Tome and Principe')
 INSERT INTO CAPTION_TRANSLATION (CAPTION,LANGCODE,LABELUPPER,LABELLOWER) VALUES ('SATURDAY','EN','SATURDAY','Saturday')
 INSERT INTO CAPTION_TRANSLATION (CAPTION,LANGCODE,LABELUPPER,LABELLOWER) VALUES ('SAUDI ARABIA','EN','SAUDI ARABIA','Saudi Arabia')
 INSERT INTO CAPTION_TRANSLATION (CAPTION,LANGCODE,LABELUPPER,LABELLOWER) VALUES ('SAVE','EN','SAVE','Save')
 INSERT INTO CAPTION_TRANSLATION (CAPTION,LANGCODE,LABELUPPER,LABELLOWER) VALUES ('SCREEN_PAGE','EN','SCREEN PAGE','Screen Page')
 INSERT INTO CAPTION_TRANSLATION (CAPTION,LANGCODE,LABELUPPER,LABELLOWER) VALUES ('SEARCH','EN','SEARCH','Search')
 INSERT INTO CAPTION_TRANSLATION (CAPTION,LANGCODE,LABELUPPER,LABELLOWER) VALUES ('SELECT','EN','SELECT','Select')
 INSERT INTO CAPTION_TRANSLATION (CAPTION,LANGCODE,LABELUPPER,LABELLOWER) VALUES ('SELECT_ALL','EN','SELECT ALL','Select All')
 INSERT INTO CAPTION_TRANSLATION (CAPTION,LANGCODE,LABELUPPER,LABELLOWER) VALUES ('SELECT_EMPLOYEE','EN','SELECT EMPLOYEE','Select Employee')
 INSERT INTO CAPTION_TRANSLATION (CAPTION,LANGCODE,LABELUPPER,LABELLOWER) VALUES ('SELECT_SUBCONTRACTOR','EN','SELECT SUBCONTRACTOR','Select Subcontractor')
 INSERT INTO CAPTION_TRANSLATION (CAPTION,LANGCODE,LABELUPPER,LABELLOWER) VALUES ('SENEGAL','EN','SENEGAL','Senegal')
 INSERT INTO CAPTION_TRANSLATION (CAPTION,LANGCODE,LABELUPPER,LABELLOWER) VALUES ('SEPTEMBER','EN','SEPTEMBER','September')
 INSERT INTO CAPTION_TRANSLATION (CAPTION,LANGCODE,LABELUPPER,LABELLOWER) VALUES ('SEQUENCE','EN','SEQUENCE','Sequence')
 INSERT INTO CAPTION_TRANSLATION (CAPTION,LANGCODE,LABELUPPER,LABELLOWER) VALUES ('SERBIA','EN','SERBIA','Serbia')
 INSERT INTO CAPTION_TRANSLATION (CAPTION,LANGCODE,LABELUPPER,LABELLOWER) VALUES ('SERVICES','EN','SERVICES','Services')
 INSERT INTO CAPTION_TRANSLATION (CAPTION,LANGCODE,LABELUPPER,LABELLOWER) VALUES ('SETTINGS','EN','SETTINGS','Settings')
 INSERT INTO CAPTION_TRANSLATION (CAPTION,LANGCODE,LABELUPPER,LABELLOWER) VALUES ('SEYCHELLES','EN','SEYCHELLES','Seychelles')
 INSERT INTO CAPTION_TRANSLATION (CAPTION,LANGCODE,LABELUPPER,LABELLOWER) VALUES ('SHOW','EN','SHOW','Show')
 INSERT INTO CAPTION_TRANSLATION (CAPTION,LANGCODE,LABELUPPER,LABELLOWER) VALUES ('SIERRA LEONE','EN','SIERRA LEONE','Sierra Leone')
 INSERT INTO CAPTION_TRANSLATION (CAPTION,LANGCODE,LABELUPPER,LABELLOWER) VALUES ('SINGAPORE','EN','SINGAPORE','Singapore')
 INSERT INTO CAPTION_TRANSLATION (CAPTION,LANGCODE,LABELUPPER,LABELLOWER) VALUES ('SLOVAKIA','EN','SLOVAKIA','Slovakia')
 INSERT INTO CAPTION_TRANSLATION (CAPTION,LANGCODE,LABELUPPER,LABELLOWER) VALUES ('SLOVENIA','EN','SLOVENIA','Slovenia')
 INSERT INTO CAPTION_TRANSLATION (CAPTION,LANGCODE,LABELUPPER,LABELLOWER) VALUES ('SOLOMON ISLANDS','EN','SOLOMON ISLANDS','Solomon Islands')
 INSERT INTO CAPTION_TRANSLATION (CAPTION,LANGCODE,LABELUPPER,LABELLOWER) VALUES ('SOMALIA','EN','SOMALIA','Somalia')
 INSERT INTO CAPTION_TRANSLATION (CAPTION,LANGCODE,LABELUPPER,LABELLOWER) VALUES ('SOUTH AFRICA','EN','SOUTH AFRICA','South Africa')
 INSERT INTO CAPTION_TRANSLATION (CAPTION,LANGCODE,LABELUPPER,LABELLOWER) VALUES ('SOUTH GEORGIA','EN','SOUTH GEORGIA AND THE SOUTH SANDWICH ISLANDS','South Georgia and the South Sandwich Islands')
 INSERT INTO CAPTION_TRANSLATION (CAPTION,LANGCODE,LABELUPPER,LABELLOWER) VALUES ('SOUTH KOREA','EN','SOUTH KOREA','South Korea')
 INSERT INTO CAPTION_TRANSLATION (CAPTION,LANGCODE,LABELUPPER,LABELLOWER) VALUES ('SOUTH SUDAN','EN','SOUTH SUDAN','South Sudan')
 INSERT INTO CAPTION_TRANSLATION (CAPTION,LANGCODE,LABELUPPER,LABELLOWER) VALUES ('SPAIN','EN','SPAIN','Spain')
 INSERT INTO CAPTION_TRANSLATION (CAPTION,LANGCODE,LABELUPPER,LABELLOWER) VALUES ('SRI LANKA','EN','SRI LANKA','Sri Lanka')
 INSERT INTO CAPTION_TRANSLATION (CAPTION,LANGCODE,LABELUPPER,LABELLOWER) VALUES ('START','EN','START','Start')
 INSERT INTO CAPTION_TRANSLATION (CAPTION,LANGCODE,LABELUPPER,LABELLOWER) VALUES ('START_DATE','EN','START DATE','Start Date')
 INSERT INTO CAPTION_TRANSLATION (CAPTION,LANGCODE,LABELUPPER,LABELLOWER) VALUES ('STARTDATE','EN','START DATE','Start Date')
 INSERT INTO CAPTION_TRANSLATION (CAPTION,LANGCODE,LABELUPPER,LABELLOWER) VALUES ('STARTTIME','EN','START TIME','Start Time')
 INSERT INTO CAPTION_TRANSLATION (CAPTION,LANGCODE,LABELUPPER,LABELLOWER) VALUES ('STATUS','EN','STATUS','Status')
 INSERT INTO CAPTION_TRANSLATION (CAPTION,LANGCODE,LABELUPPER,LABELLOWER) VALUES ('STYLE','EN','STYLE','Style')
 INSERT INTO CAPTION_TRANSLATION (CAPTION,LANGCODE,LABELUPPER,LABELLOWER) VALUES ('SUBCONTRACTOR','EN','SUBCONTRACTOR','Subcontractor')
 INSERT INTO CAPTION_TRANSLATION (CAPTION,LANGCODE,LABELUPPER,LABELLOWER) VALUES ('SUBCONTRACTOR_ID','EN','SUBCONTRACTOR ID','Subcontractor Id')
 INSERT INTO CAPTION_TRANSLATION (CAPTION,LANGCODE,LABELUPPER,LABELLOWER) VALUES ('SUDAN','EN','SUDAN','Sudan')
 INSERT INTO CAPTION_TRANSLATION (CAPTION,LANGCODE,LABELUPPER,LABELLOWER) VALUES ('SUM_MANHOUR','EN','SUM MANHOUR','Sum Man-hour')
 INSERT INTO CAPTION_TRANSLATION (CAPTION,LANGCODE,LABELUPPER,LABELLOWER) VALUES ('SUM_METRIC','EN','REALIZED METRIC','Realized Metric')
 INSERT INTO CAPTION_TRANSLATION (CAPTION,LANGCODE,LABELUPPER,LABELLOWER) VALUES ('SUM_OVERTIME','EN','SUM OVERTIME','Sum Overtime')
 INSERT INTO CAPTION_TRANSLATION (CAPTION,LANGCODE,LABELUPPER,LABELLOWER) VALUES ('SUM_QUANTITY','EN','SUM QUANTITY','Sum Quantity')
 INSERT INTO CAPTION_TRANSLATION (CAPTION,LANGCODE,LABELUPPER,LABELLOWER) VALUES ('SUM_WORKFORCE','EN','REAIZED WORKFORCE','Realized Workforce')
 INSERT INTO CAPTION_TRANSLATION (CAPTION,LANGCODE,LABELUPPER,LABELLOWER) VALUES ('SUMMARY_FLAG','EN','SUMMARY FLAG','Summary Flag')
 INSERT INTO CAPTION_TRANSLATION (CAPTION,LANGCODE,LABELUPPER,LABELLOWER) VALUES ('SUNDAY','EN','SUNDAY','Sunday')
 INSERT INTO CAPTION_TRANSLATION (CAPTION,LANGCODE,LABELUPPER,LABELLOWER) VALUES ('SUPERVISOR','EN','SUPERVISOR','Supervisor')
 INSERT INTO CAPTION_TRANSLATION (CAPTION,LANGCODE,LABELUPPER,LABELLOWER) VALUES ('SURINAME','EN','SURINAME','Suriname')
 INSERT INTO CAPTION_TRANSLATION (CAPTION,LANGCODE,LABELUPPER,LABELLOWER) VALUES ('SURNAME','EN','SURNAME','Surname')
 INSERT INTO CAPTION_TRANSLATION (CAPTION,LANGCODE,LABELUPPER,LABELLOWER) VALUES ('SVALBARD','EN','SVALBARD','Svalbard')
 INSERT INTO CAPTION_TRANSLATION (CAPTION,LANGCODE,LABELUPPER,LABELLOWER) VALUES ('SWAZILAND','EN','SWAZILAND','Swaziland')
 INSERT INTO CAPTION_TRANSLATION (CAPTION,LANGCODE,LABELUPPER,LABELLOWER) VALUES ('SWEDEN','EN','SWEDEN','Sweden')
 INSERT INTO CAPTION_TRANSLATION (CAPTION,LANGCODE,LABELUPPER,LABELLOWER) VALUES ('SWITZERLAND','EN','SWITZERLAND','Switzerland')
 INSERT INTO CAPTION_TRANSLATION (CAPTION,LANGCODE,LABELUPPER,LABELLOWER) VALUES ('SYRIAN ARAB REPUBLIC','EN','SYRIAN ARAB REPUBLIC','Syrian Arab Republic')
 INSERT INTO CAPTION_TRANSLATION (CAPTION,LANGCODE,LABELUPPER,LABELLOWER) VALUES ('TABLE','EN','TABLE','Table')
 INSERT INTO CAPTION_TRANSLATION (CAPTION,LANGCODE,LABELUPPER,LABELLOWER) VALUES ('TABLE_AUTHORIZATIONS','EN','TABLE AUTHORIZATIONS','Table Authorizations')
 INSERT INTO CAPTION_TRANSLATION (CAPTION,LANGCODE,LABELUPPER,LABELLOWER) VALUES ('TABLE_NAME','EN','TABLE NAME','Table Name')
 INSERT INTO CAPTION_TRANSLATION (CAPTION,LANGCODE,LABELUPPER,LABELLOWER) VALUES ('TABLENAME','EN','TABLENAME','Tablename')
 INSERT INTO CAPTION_TRANSLATION (CAPTION,LANGCODE,LABELUPPER,LABELLOWER) VALUES ('TABLENAMES','EN','TABLENAMES','Tablenames')
 INSERT INTO CAPTION_TRANSLATION (CAPTION,LANGCODE,LABELUPPER,LABELLOWER) VALUES ('TABLES','EN','TABLES','Tables')
 INSERT INTO CAPTION_TRANSLATION (CAPTION,LANGCODE,LABELUPPER,LABELLOWER) VALUES ('TAIWAN','EN','TAIWAN','Taiwan')
 INSERT INTO CAPTION_TRANSLATION (CAPTION,LANGCODE,LABELUPPER,LABELLOWER) VALUES ('TAJIKISTAN','EN','TAJIKISTAN','Tajikistan')
 INSERT INTO CAPTION_TRANSLATION (CAPTION,LANGCODE,LABELUPPER,LABELLOWER) VALUES ('TANZANIA','EN','TANZANIA','Tanzania')
 INSERT INTO CAPTION_TRANSLATION (CAPTION,LANGCODE,LABELUPPER,LABELLOWER) VALUES ('TEAM_CAPTION','EN','TEAM CAPTION','Team Caption')
 INSERT INTO CAPTION_TRANSLATION (CAPTION,LANGCODE,LABELUPPER,LABELLOWER) VALUES ('TEAM_ID','EN','TEAM ID','Team Id')
 INSERT INTO CAPTION_TRANSLATION (CAPTION,LANGCODE,LABELUPPER,LABELLOWER) VALUES ('TEAM_LEAD','EN','TEAM LEAD','Team Lead')
 INSERT INTO CAPTION_TRANSLATION (CAPTION,LANGCODE,LABELUPPER,LABELLOWER) VALUES ('TENDER','EN','TENDER','Tender')
 INSERT INTO CAPTION_TRANSLATION (CAPTION,LANGCODE,LABELUPPER,LABELLOWER) VALUES ('TERM_METRIC','EN','TERM METRIC','Term Metric')
 INSERT INTO CAPTION_TRANSLATION (CAPTION,LANGCODE,LABELUPPER,LABELLOWER) VALUES ('TERM_QUANTITY','EN','TERM QUANTITY','Term Quantity')
 INSERT INTO CAPTION_TRANSLATION (CAPTION,LANGCODE,LABELUPPER,LABELLOWER) VALUES ('TERM_WORKFORCE','EN','TERM WORKFORCE','Term Workforce')
 INSERT INTO CAPTION_TRANSLATION (CAPTION,LANGCODE,LABELUPPER,LABELLOWER) VALUES ('TEXT','EN','TEXT','Text')
 INSERT INTO CAPTION_TRANSLATION (CAPTION,LANGCODE,LABELUPPER,LABELLOWER) VALUES ('THAILAND','EN','THAILAND','Thailand')
 INSERT INTO CAPTION_TRANSLATION (CAPTION,LANGCODE,LABELUPPER,LABELLOWER) VALUES ('THURSDAY','EN','THURSDAY','Thursday')
 INSERT INTO CAPTION_TRANSLATION (CAPTION,LANGCODE,LABELUPPER,LABELLOWER) VALUES ('TIMOR-LESTE','EN','TIMOR-LESTE','Timor-Leste')
 INSERT INTO CAPTION_TRANSLATION (CAPTION,LANGCODE,LABELUPPER,LABELLOWER) VALUES ('TITLE','EN','TITLE','Title')
 INSERT INTO CAPTION_TRANSLATION (CAPTION,LANGCODE,LABELUPPER,LABELLOWER) VALUES ('TITRE','EN','TITRE','Titre')
 INSERT INTO CAPTION_TRANSLATION (CAPTION,LANGCODE,LABELUPPER,LABELLOWER) VALUES ('TO_APPROVE','EN','TO APPROVE','To Approve')
 INSERT INTO CAPTION_TRANSLATION (CAPTION,LANGCODE,LABELUPPER,LABELLOWER) VALUES ('TOGGLE_SELECT','EN','TOGGLE SELECT','Toggle Select')
 INSERT INTO CAPTION_TRANSLATION (CAPTION,LANGCODE,LABELUPPER,LABELLOWER) VALUES ('TOGO','EN','TOGO','Togo')
 INSERT INTO CAPTION_TRANSLATION (CAPTION,LANGCODE,LABELUPPER,LABELLOWER) VALUES ('TOKELAU','EN','TOKELAU','Tokelau')
 INSERT INTO CAPTION_TRANSLATION (CAPTION,LANGCODE,LABELUPPER,LABELLOWER) VALUES ('TONGA','EN','TONGA','Tonga')
 INSERT INTO CAPTION_TRANSLATION (CAPTION,LANGCODE,LABELUPPER,LABELLOWER) VALUES ('TOTAL','EN','TOTAL','Total')
 INSERT INTO CAPTION_TRANSLATION (CAPTION,LANGCODE,LABELUPPER,LABELLOWER) VALUES ('TOWN','EN','TOWN','Town')
 INSERT INTO CAPTION_TRANSLATION (CAPTION,LANGCODE,LABELUPPER,LABELLOWER) VALUES ('TR_MH','EN','TURK M/H','Turk M/H')
 INSERT INTO CAPTION_TRANSLATION (CAPTION,LANGCODE,LABELUPPER,LABELLOWER) VALUES ('TRAINING','EN','TRAINING','Training')
 INSERT INTO CAPTION_TRANSLATION (CAPTION,LANGCODE,LABELUPPER,LABELLOWER) VALUES ('TREE','EN','TREE','Tree')
 INSERT INTO CAPTION_TRANSLATION (CAPTION,LANGCODE,LABELUPPER,LABELLOWER) VALUES ('TREE_CODE','EN','TREE CODE','Tree Code')
 INSERT INTO CAPTION_TRANSLATION (CAPTION,LANGCODE,LABELUPPER,LABELLOWER) VALUES ('TRINIDAD AND TOBAGO','EN','TRINIDAD AND TOBAGO','Trinidad and Tobago')
 INSERT INTO CAPTION_TRANSLATION (CAPTION,LANGCODE,LABELUPPER,LABELLOWER) VALUES ('TUESDAY','EN','TUESDAY','Tuesday')
 INSERT INTO CAPTION_TRANSLATION (CAPTION,LANGCODE,LABELUPPER,LABELLOWER) VALUES ('TUNISIA','EN','TUNISIA','Tunisia')
 INSERT INTO CAPTION_TRANSLATION (CAPTION,LANGCODE,LABELUPPER,LABELLOWER) VALUES ('TURKEY','EN','TURKEY','Turkey')
 INSERT INTO CAPTION_TRANSLATION (CAPTION,LANGCODE,LABELUPPER,LABELLOWER) VALUES ('TURKISH','EN','TURKISH','Turkish')
 INSERT INTO CAPTION_TRANSLATION (CAPTION,LANGCODE,LABELUPPER,LABELLOWER) VALUES ('TURKMENISTAN','EN','TURKMENISTAN','Turkmenistan')
 INSERT INTO CAPTION_TRANSLATION (CAPTION,LANGCODE,LABELUPPER,LABELLOWER) VALUES ('TURKS AND CAICOS ISLANDS','EN','TURKS AND CAICOS ISLANDS','Turks and Caicos Islands')
 INSERT INTO CAPTION_TRANSLATION (CAPTION,LANGCODE,LABELUPPER,LABELLOWER) VALUES ('TUVALU','EN','TUVALU','Tuvalu')
 INSERT INTO CAPTION_TRANSLATION (CAPTION,LANGCODE,LABELUPPER,LABELLOWER) VALUES ('UGANDA','EN','UGANDA','Uganda')
 INSERT INTO CAPTION_TRANSLATION (CAPTION,LANGCODE,LABELUPPER,LABELLOWER) VALUES ('UKRAINE','EN','UKRAINE','Ukraine')
 INSERT INTO CAPTION_TRANSLATION (CAPTION,LANGCODE,LABELUPPER,LABELLOWER) VALUES ('UNIT','EN','UNIT','Unit')
 INSERT INTO CAPTION_TRANSLATION (CAPTION,LANGCODE,LABELUPPER,LABELLOWER) VALUES ('UNITED ARAB EMIRATES','EN','UNITED ARAB EMIRATES','United Arab Emirates')
 INSERT INTO CAPTION_TRANSLATION (CAPTION,LANGCODE,LABELUPPER,LABELLOWER) VALUES ('UNITED KINGDOM','EN','UNITED KINGDOM','United Kingdom')
 INSERT INTO CAPTION_TRANSLATION (CAPTION,LANGCODE,LABELUPPER,LABELLOWER) VALUES ('UNITED STATES OF AMERICA','EN','UNITED STATES OF AMERICA','United States of America')
 INSERT INTO CAPTION_TRANSLATION (CAPTION,LANGCODE,LABELUPPER,LABELLOWER) VALUES ('UPDATE','EN','UPDATE','Update')
 INSERT INTO CAPTION_TRANSLATION (CAPTION,LANGCODE,LABELUPPER,LABELLOWER) VALUES ('UPDATE_TIME','EN','UPDATE TIME','Update Time')
 INSERT INTO CAPTION_TRANSLATION (CAPTION,LANGCODE,LABELUPPER,LABELLOWER) VALUES ('UPDATE_USER','EN','UPDATE USER','Update User')
 INSERT INTO CAPTION_TRANSLATION (CAPTION,LANGCODE,LABELUPPER,LABELLOWER) VALUES ('URL','EN','URL','url')
 INSERT INTO CAPTION_TRANSLATION (CAPTION,LANGCODE,LABELUPPER,LABELLOWER) VALUES ('URUGUAY','EN','URUGUAY','Uruguay')
 INSERT INTO CAPTION_TRANSLATION (CAPTION,LANGCODE,LABELUPPER,LABELLOWER) VALUES ('US MINOR OUTLYING ISLANDS','EN','US MINOR OUTLYING ISLANDS','US Minor Outlying Islands')
 INSERT INTO CAPTION_TRANSLATION (CAPTION,LANGCODE,LABELUPPER,LABELLOWER) VALUES ('USER_ACCOUNT','EN','USER ACCOUNT','User Account')
 INSERT INTO CAPTION_TRANSLATION (CAPTION,LANGCODE,LABELUPPER,LABELLOWER) VALUES ('USER_AUTHORIZATION','EN','USER AUTHORIZATION','User Authorization')
 INSERT INTO CAPTION_TRANSLATION (CAPTION,LANGCODE,LABELUPPER,LABELLOWER) VALUES ('USER_AUTHORIZATIONS','EN','USER AUTHORIZATIONS','User Authorizations')
 INSERT INTO CAPTION_TRANSLATION (CAPTION,LANGCODE,LABELUPPER,LABELLOWER) VALUES ('USERNAME','EN','USERNAME','Username')
 INSERT INTO CAPTION_TRANSLATION (CAPTION,LANGCODE,LABELUPPER,LABELLOWER) VALUES ('UZBEKISTAN','EN','UZBEKISTAN','Uzbekistan')
 INSERT INTO CAPTION_TRANSLATION (CAPTION,LANGCODE,LABELUPPER,LABELLOWER) VALUES ('VANUATU','EN','VANUATU','Vanuatu')
 INSERT INTO CAPTION_TRANSLATION (CAPTION,LANGCODE,LABELUPPER,LABELLOWER) VALUES ('VATICAN CITY STATE','EN','VATICAN CITY STATE','Vatican City State')
 INSERT INTO CAPTION_TRANSLATION (CAPTION,LANGCODE,LABELUPPER,LABELLOWER) VALUES ('VENEZUELA','EN','VENEZUELA','Venezuela')
 INSERT INTO CAPTION_TRANSLATION (CAPTION,LANGCODE,LABELUPPER,LABELLOWER) VALUES ('VERSION','EN','VERSION','Version')
 INSERT INTO CAPTION_TRANSLATION (CAPTION,LANGCODE,LABELUPPER,LABELLOWER) VALUES ('VIET NAM','EN','VIET NAM','Viet Nam')
 INSERT INTO CAPTION_TRANSLATION (CAPTION,LANGCODE,LABELUPPER,LABELLOWER) VALUES ('VIEW_NAME','EN','VIEW NAME','View Name')
 INSERT INTO CAPTION_TRANSLATION (CAPTION,LANGCODE,LABELUPPER,LABELLOWER) VALUES ('VIRGIN ISLANDS','EN','VIRGIN ISLANDS','Virgin Islands')
 INSERT INTO CAPTION_TRANSLATION (CAPTION,LANGCODE,LABELUPPER,LABELLOWER) VALUES ('WALLIS AND FUTUNA ISLANDS','EN','WALLIS AND FUTUNA ISLANDS','Wallis and Futuna Islands')
 INSERT INTO CAPTION_TRANSLATION (CAPTION,LANGCODE,LABELUPPER,LABELLOWER) VALUES ('WEDNESDAY','EN','WEDNESDAY','Wednesday')
 INSERT INTO CAPTION_TRANSLATION (CAPTION,LANGCODE,LABELUPPER,LABELLOWER) VALUES ('WEEKLY','EN','WEEKLY','Weekly')
 INSERT INTO CAPTION_TRANSLATION (CAPTION,LANGCODE,LABELUPPER,LABELLOWER) VALUES ('WESTERN SAHARA','EN','WESTERN SAHARA','Western Sahara')
 INSERT INTO CAPTION_TRANSLATION (CAPTION,LANGCODE,LABELUPPER,LABELLOWER) VALUES ('WORKER','EN','WORKER','Worker')
 INSERT INTO CAPTION_TRANSLATION (CAPTION,LANGCODE,LABELUPPER,LABELLOWER) VALUES ('WORKER_ID','EN','WORKER ID','Worker Id')
 INSERT INTO CAPTION_TRANSLATION (CAPTION,LANGCODE,LABELUPPER,LABELLOWER) VALUES ('WORKFORCE','EN','WORKFORCE','Workforce')
 INSERT INTO CAPTION_TRANSLATION (CAPTION,LANGCODE,LABELUPPER,LABELLOWER) VALUES ('WORKFORCE_TO_APPROVE','EN','WORKFORCE TO APPROVE','Workforce to Approve')
 INSERT INTO CAPTION_TRANSLATION (CAPTION,LANGCODE,LABELUPPER,LABELLOWER) VALUES ('WRITE','EN','WRITE','Write')
 INSERT INTO CAPTION_TRANSLATION (CAPTION,LANGCODE,LABELUPPER,LABELLOWER) VALUES ('WRONG_PASSWORD','EN','WRONG PASSWORD','Wrong Password')
 INSERT INTO CAPTION_TRANSLATION (CAPTION,LANGCODE,LABELUPPER,LABELLOWER) VALUES ('XXADSA_EXT_PERSON','EN','EXTERNAL PERSON','External Person')
 INSERT INTO CAPTION_TRANSLATION (CAPTION,LANGCODE,LABELUPPER,LABELLOWER) VALUES ('YEARLY','EN','YEARLY','Yearly')
 INSERT INTO CAPTION_TRANSLATION (CAPTION,LANGCODE,LABELUPPER,LABELLOWER) VALUES ('YEMEN','EN','YEMEN','Yemen')
 INSERT INTO CAPTION_TRANSLATION (CAPTION,LANGCODE,LABELUPPER,LABELLOWER) VALUES ('YES','EN','YES','Yes')
 INSERT INTO CAPTION_TRANSLATION (CAPTION,LANGCODE,LABELUPPER,LABELLOWER) VALUES ('YESNO','EN','YESNO','Yesno')
 INSERT INTO CAPTION_TRANSLATION (CAPTION,LANGCODE,LABELUPPER,LABELLOWER) VALUES ('ZAMBIA','EN','ZAMBIA','Zambia')
 INSERT INTO CAPTION_TRANSLATION (CAPTION,LANGCODE,LABELUPPER,LABELLOWER) VALUES ('ZIMBABWE','EN','ZIMBABWE','Zimbabwe')
 INSERT INTO CAPTION_TRANSLATION (CAPTION,LANGCODE,LABELUPPER,LABELLOWER) VALUES ('ACCESS','EN','ACCESS','Access')
 INSERT INTO CAPTION_TRANSLATION (CAPTION,LANGCODE,LABELUPPER,LABELLOWER) VALUES ('ARABIC','EN','ARABIC','Arabic')
 INSERT INTO CAPTION_TRANSLATION (CAPTION,LANGCODE,LABELUPPER,LABELLOWER) VALUES ('AUTHORITY_OBJECT','EN','AUTHORITY OBJECT','Authority Object')
 INSERT INTO CAPTION_TRANSLATION (CAPTION,LANGCODE,LABELUPPER,LABELLOWER) VALUES ('AUTHORITY_OBJECT_ACTION','EN','AUTHORITY OBJECT ACTION','Authority Object Action')
 INSERT INTO CAPTION_TRANSLATION (CAPTION,LANGCODE,LABELUPPER,LABELLOWER) VALUES ('EURO','EN','EURO','Euro')
 INSERT INTO CAPTION_TRANSLATION (CAPTION,LANGCODE,LABELUPPER,LABELLOWER) VALUES ('EXCHANGE','EN','EXCHANGE','Exchange')
 INSERT INTO CAPTION_TRANSLATION (CAPTION,LANGCODE,LABELUPPER,LABELLOWER) VALUES ('MANHOURADMIN','EN','MANHOURADMIN','Man-hour Admin')
 INSERT INTO CAPTION_TRANSLATION (CAPTION,LANGCODE,LABELUPPER,LABELLOWER) VALUES ('PAGE','EN','PAGE','Page')
 INSERT INTO CAPTION_TRANSLATION (CAPTION,LANGCODE,LABELUPPER,LABELLOWER) VALUES ('PROJECT_APPROVAL_HISTORY','EN','PROJECT APPROVAL HISTORY','Project Approval History')
 INSERT INTO CAPTION_TRANSLATION (CAPTION,LANGCODE,LABELUPPER,LABELLOWER) VALUES ('QUARTERLY','EN','QUARTERLY','Quarterly')
 INSERT INTO CAPTION_TRANSLATION (CAPTION,LANGCODE,LABELUPPER,LABELLOWER) VALUES ('RUSSIAN','EN','RUSSIAN','Russian')
 INSERT INTO CAPTION_TRANSLATION (CAPTION,LANGCODE,LABELUPPER,LABELLOWER) VALUES ('TURKISH_LIRA','EN','TURKISH LIRA','Turkish Lira')
 INSERT INTO CAPTION_TRANSLATION (CAPTION,LANGCODE,LABELUPPER,LABELLOWER) VALUES ('US_DOLARS','EN','US DOLARS','US Dolars')
 INSERT INTO CAPTION_TRANSLATION (CAPTION,LANGCODE,LABELUPPER,LABELLOWER) VALUES ('USER_STATUS','EN','USER STATUS','User Status')
 INSERT INTO CAPTION_TRANSLATION (CAPTION,LANGCODE,LABELUPPER,LABELLOWER) VALUES ('PROJECT_APPLICATION_PLAN','EN','PROJECT APPLICATION PLAN','Project Application Plan')
 INSERT INTO CAPTION_TRANSLATION (CAPTION,LANGCODE,LABELUPPER,LABELLOWER) VALUES ('PROGRESS','EN','PROGRESS','Progress')
 INSERT INTO CAPTION_TRANSLATION (CAPTION,LANGCODE,LABELUPPER,LABELLOWER) VALUES ('EARNED_MANHOUR','EN','EARNED MANHOUR','Earned Man-hour')
 INSERT INTO CAPTION_TRANSLATION (CAPTION,LANGCODE,LABELUPPER,LABELLOWER) VALUES ('PERFORMANCE','EN','PERFORMANCE','Performance')
 INSERT INTO CAPTION_TRANSLATION (CAPTION,LANGCODE,LABELUPPER,LABELLOWER) VALUES ('PERFORMANCE_MULTIPLIER','EN','PERFORMANCE MULTIPLIER','Performance Multiplier')
 INSERT INTO CAPTION_TRANSLATION (CAPTION,LANGCODE,LABELUPPER,LABELLOWER) VALUES ('ESTIMATED_MANHOUR','EN','ESTIMATED MANHOUR','Estimated Man-hour')
 INSERT INTO CAPTION_TRANSLATION (CAPTION,LANGCODE,LABELUPPER,LABELLOWER) VALUES ('REMAINING_COMPLETION_MANHOUR','EN','REMAINING COMPLETION MANHOUR','Remaining Completion Man-hour')
 INSERT INTO CAPTION_TRANSLATION (CAPTION,LANGCODE,LABELUPPER,LABELLOWER) VALUES ('CODE','EN','CODE','Code')
 INSERT INTO CAPTION_TRANSLATION (CAPTION,LANGCODE,LABELUPPER,LABELLOWER) VALUES ('APPROVE_PROGRESS','EN','APPROVE PROGRESS','Approve Progress')
 INSERT INTO CAPTION_TRANSLATION (CAPTION,LANGCODE,LABELUPPER,LABELLOWER) VALUES ('DEVIATION','EN','DEVIATION','Deviation')
 commit
